リンクトリストは作られた...(^▽^)さて、局面は☆？　：　ルートが追加されたはずだぜ☆　：　DebugText_Kyokumen7.C:\Users\むずでょ\Documents\GitHub\kifuwarabe-collection\Kifuwarabe_DenouT2\Sources\Entities\ApplicatedGame\Architecture\TreeDocument.cs.480
[0]データ目　葉＝[0]手目
　９　８　７　６　５　４　３　２　１
┏━┯━┯━┯━┯━┯━┯━┯━┯━┓
┃  │  │  │  │  │  │  │  │  ┃一
┠─┼─┼─┼─┼─┼─┼─┼─┼─┨
┃  │  │  │  │  │  │  │  │  ┃二
┠─┼─┼─┼─┼─┼─┼─┼─┼─┨
┃  │  │  │  │  │  │  │  │  ┃三
┠─┼─┼─┼─┼─┼─┼─┼─┼─┨
┃  │  │  │  │  │  │  │  │  ┃四
┠─┼─┼─┼─┼─┼─┼─┼─┼─┨
┃  │  │  │  │  │  │  │  │  ┃五
┠─┼─┼─┼─┼─┼─┼─┼─┼─┨
┃  │  │  │  │  │  │  │  │  ┃六
┠─┼─┼─┼─┼─┼─┼─┼─┼─┨
┃  │  │  │  │  │  │  │  │  ┃七
┠─┼─┼─┼─┼─┼─┼─┼─┼─┨
┃  │  │  │  │  │  │  │  │  ┃八
┠─┼─┼─┼─┼─┼─┼─┼─┼─┨
┃  │  │  │  │  │  │  │  │  ┃九
┗━┷━┷━┷━┷━┷━┷━┷━┷━┛
▽後手　持ち駒：
▲先手　持ち駒：
...(^▽^)ﾄﾞｳﾀﾞｯﾀｶﾅ～☆


