v(^▽^)v ｲｪｰｲ☆ ... Kifuwarane Bld13 2.00.0
┏━━━━━設定━━━━━┓
USI_Ponder=true
USI_Hash=256
子=true
USI=2
寅=tiger
辰=DRAGON
巳=スネーク.html
┗━━━━━━━━━━━━┛
 ...
    ...
       ...
（＾△＾）positionきたｺﾚ！
（＾△＾）positionきたｺﾚ！　line=[position startpos moves 2g2f]
┏━━━━━━━━━━┓
わたしは　KifuParserA_StateA0_Document　の　Execute_All　だぜ☆　：　呼出箇所＝Main.C:\Users\むずでょ\Documents\GitHub\kifuwarabe-collection\Kifuwarabe_DenouT2\Sources\Engine\Program.cs.673
（＾△＾）「position startpos moves 2g2f」vs【KifuParserA_StateA0_Document】　：　ﾌﾑﾌﾑ... SFEN形式か...☆
（＾△＾）「startpos moves 2g2f」vs【KifuParserA_StateA1_SfenPosition】　：　平手のようなんだぜ☆
平手局面にセットしたぜ☆
（＾△＾）「moves 2g2f」vs【KifuParserA_StateA1a_SfenStartpos】　：　ｳﾑ☆　moves 分かるぜ☆
一手指し開始　：　残りの符号つ「」
一手指しが終わったぜ☆　ノードが追加されているんじゃないか☆？　
...(^▽^)さて、局面は☆？　：　一手指し終了　：　DebugText_Kyokumen7.C:\Users\むずでょ\Documents\GitHub\kifuwarabe-collection\Kifuwarabe_DenouT2\Sources\Entities\ApplicatedGame\Architecture\TreeDocument.cs.480
[1]データ目　葉＝[1]手目
　９　８　７　６　５　４　３　２　１
┏━┯━┯━┯━┯━┯━┯━┯━┯━┓
┃││││││││┃一
┠─┼─┼─┼─┼─┼─┼─┼─┼─┨
┃  ││  │  │  │  │  ││  ┃二
┠─┼─┼─┼─┼─┼─┼─┼─┼─┨
┃││││││││┃三
┠─┼─┼─┼─┼─┼─┼─┼─┼─┨
┃  │  │  │  │  │  │  │  │  ┃四
┠─┼─┼─┼─┼─┼─┼─┼─┼─┨
┃  │  │  │  │  │  │  │  │  ┃五
┠─┼─┼─┼─┼─┼─┼─┼─┼─┨
┃  │  │  │  │  │  │  │歩│  ┃六
┠─┼─┼─┼─┼─┼─┼─┼─┼─┨
┃歩│歩│歩│歩│歩│歩│歩│  │歩┃七
┠─┼─┼─┼─┼─┼─┼─┼─┼─┨
┃  │角│  │  │  │  │  │飛│  ┃八
┠─┼─┼─┼─┼─┼─┼─┼─┼─┨
┃香│桂│銀│金│王│金│銀│桂│香┃九
┗━┷━┷━┷━┷━┷━┷━┷━┷━┛
▽後手　持ち駒：
▲先手　持ち駒：
...(^▽^)ﾄﾞｳﾀﾞｯﾀｶﾅ～☆


（＾△＾）現局面まで進んだのかだぜ☆？
...(^▽^)さて、局面は☆？　：　棋譜パース　：　DebugText_Kyokumen7.C:\Users\むずでょ\Documents\GitHub\kifuwarabe-collection\Kifuwarabe_DenouT2\Sources\Entities\ApplicatedGame\Architecture\TreeDocument.cs.480
[1]データ目　葉＝[1]手目
　９　８　７　６　５　４　３　２　１
┏━┯━┯━┯━┯━┯━┯━┯━┯━┓
┃││││││││┃一
┠─┼─┼─┼─┼─┼─┼─┼─┼─┨
┃  ││  │  │  │  │  ││  ┃二
┠─┼─┼─┼─┼─┼─┼─┼─┼─┨
┃││││││││┃三
┠─┼─┼─┼─┼─┼─┼─┼─┼─┨
┃  │  │  │  │  │  │  │  │  ┃四
┠─┼─┼─┼─┼─┼─┼─┼─┼─┨
┃  │  │  │  │  │  │  │  │  ┃五
┠─┼─┼─┼─┼─┼─┼─┼─┼─┨
┃  │  │  │  │  │  │  │歩│  ┃六
┠─┼─┼─┼─┼─┼─┼─┼─┼─┨
┃歩│歩│歩│歩│歩│歩│歩│  │歩┃七
┠─┼─┼─┼─┼─┼─┼─┼─┼─┨
┃  │角│  │  │  │  │  │飛│  ┃八
┠─┼─┼─┼─┼─┼─┼─┼─┼─┨
┃香│桂│銀│金│王│金│銀│桂│香┃九
┗━┷━┷━┷━┷━┷━┷━┷━┷━┛
▽後手　持ち駒：
▲先手　持ち駒：
...(^▽^)ﾄﾞｳﾀﾞｯﾀｶﾅ～☆


平手局面にセットしたぜ☆
...(^▽^)さて、局面は☆？　：　現局面になっているのかなんだぜ☆？　line=[position startpos moves 2g2f]　棋譜＝position startpos moves ▲２六歩　：　DebugText_Kyokumen7.C:\Users\むずでょ\Documents\GitHub\kifuwarabe-collection\Kifuwarabe_DenouT2\Sources\Entities\ApplicatedGame\Architecture\TreeDocument.cs.480
[1]データ目　葉＝[1]手目
　９　８　７　６　５　４　３　２　１
┏━┯━┯━┯━┯━┯━┯━┯━┯━┓
┃││││││││┃一
┠─┼─┼─┼─┼─┼─┼─┼─┼─┨
┃  ││  │  │  │  │  ││  ┃二
┠─┼─┼─┼─┼─┼─┼─┼─┼─┨
┃││││││││┃三
┠─┼─┼─┼─┼─┼─┼─┼─┼─┨
┃  │  │  │  │  │  │  │  │  ┃四
┠─┼─┼─┼─┼─┼─┼─┼─┼─┨
┃  │  │  │  │  │  │  │  │  ┃五
┠─┼─┼─┼─┼─┼─┼─┼─┼─┨
┃  │  │  │  │  │  │  │歩│  ┃六
┠─┼─┼─┼─┼─┼─┼─┼─┼─┨
┃歩│歩│歩│歩│歩│歩│歩│  │歩┃七
┠─┼─┼─┼─┼─┼─┼─┼─┼─┨
┃  │角│  │  │  │  │  │飛│  ┃八
┠─┼─┼─┼─┼─┼─┼─┼─┼─┨
┃香│桂│銀│金│王│金│銀│桂│香┃九
┗━┷━┷━┷━┷━┷━┷━┷━┷━┛
▽後手　持ち駒：
▲先手　持ち駒：
...(^▽^)ﾄﾞｳﾀﾞｯﾀｶﾅ～☆


将棋サーバー「1手目、きふわらべ　さんの手番ですよ！」　go btime 301000 wtime 300000 binc 2000 winc 2000
平手局面にセットしたぜ☆
(Warabe)指し手のチョイス： bestmove＝[4a4b]　先後=[Gote]　棋譜＝position startpos moves ▲２六歩
 ...
    ...
       ...
（＾△＾）positionきたｺﾚ！
（＾△＾）positionきたｺﾚ！　line=[position startpos moves 2g2f 4a4b 2f2e]
┏━━━━━━━━━━┓
わたしは　KifuParserA_StateA0_Document　の　Execute_All　だぜ☆　：　呼出箇所＝Main.C:\Users\むずでょ\Documents\GitHub\kifuwarabe-collection\Kifuwarabe_DenouT2\Sources\Engine\Program.cs.673
（＾△＾）「position startpos moves 2g2f 4a4b 2f2e」vs【KifuParserA_StateA0_Document】　：　ﾌﾑﾌﾑ... SFEN形式か...☆
（＾△＾）「startpos moves 2g2f 4a4b 2f2e」vs【KifuParserA_StateA1_SfenPosition】　：　平手のようなんだぜ☆
平手局面にセットしたぜ☆
（＾△＾）「moves 2g2f 4a4b 2f2e」vs【KifuParserA_StateA1a_SfenStartpos】　：　ｳﾑ☆　moves 分かるぜ☆
一手指し開始　：　残りの符号つ「4a4b 2f2e」
一手指しが終わったぜ☆　ノードが追加されているんじゃないか☆？　
...(^▽^)さて、局面は☆？　：　一手指し終了　：　DebugText_Kyokumen7.C:\Users\むずでょ\Documents\GitHub\kifuwarabe-collection\Kifuwarabe_DenouT2\Sources\Entities\ApplicatedGame\Architecture\TreeDocument.cs.480
[1]データ目　葉＝[1]手目
　９　８　７　６　５　４　３　２　１
┏━┯━┯━┯━┯━┯━┯━┯━┯━┓
┃││││││││┃一
┠─┼─┼─┼─┼─┼─┼─┼─┼─┨
┃  ││  │  │  │  │  ││  ┃二
┠─┼─┼─┼─┼─┼─┼─┼─┼─┨
┃││││││││┃三
┠─┼─┼─┼─┼─┼─┼─┼─┼─┨
┃  │  │  │  │  │  │  │  │  ┃四
┠─┼─┼─┼─┼─┼─┼─┼─┼─┨
┃  │  │  │  │  │  │  │  │  ┃五
┠─┼─┼─┼─┼─┼─┼─┼─┼─┨
┃  │  │  │  │  │  │  │歩│  ┃六
┠─┼─┼─┼─┼─┼─┼─┼─┼─┨
┃歩│歩│歩│歩│歩│歩│歩│  │歩┃七
┠─┼─┼─┼─┼─┼─┼─┼─┼─┨
┃  │角│  │  │  │  │  │飛│  ┃八
┠─┼─┼─┼─┼─┼─┼─┼─┼─┨
┃香│桂│銀│金│王│金│銀│桂│香┃九
┗━┷━┷━┷━┷━┷━┷━┷━┷━┛
▽後手　持ち駒：
▲先手　持ち駒：
...(^▽^)ﾄﾞｳﾀﾞｯﾀｶﾅ～☆


一手指し開始　：　残りの符号つ「2f2e」
一手指しが終わったぜ☆　ノードが追加されているんじゃないか☆？　
...(^▽^)さて、局面は☆？　：　一手指し終了　：　DebugText_Kyokumen7.C:\Users\むずでょ\Documents\GitHub\kifuwarabe-collection\Kifuwarabe_DenouT2\Sources\Entities\ApplicatedGame\Architecture\TreeDocument.cs.480
[2]データ目　葉＝[2]手目
　９　８　７　６　５　４　３　２　１
┏━┯━┯━┯━┯━┯━┯━┯━┯━┓
┃│││││  │││┃一
┠─┼─┼─┼─┼─┼─┼─┼─┼─┨
┃  ││  │  │  ││  ││  ┃二
┠─┼─┼─┼─┼─┼─┼─┼─┼─┨
┃││││││││┃三
┠─┼─┼─┼─┼─┼─┼─┼─┼─┨
┃  │  │  │  │  │  │  │  │  ┃四
┠─┼─┼─┼─┼─┼─┼─┼─┼─┨
┃  │  │  │  │  │  │  │  │  ┃五
┠─┼─┼─┼─┼─┼─┼─┼─┼─┨
┃  │  │  │  │  │  │  │歩│  ┃六
┠─┼─┼─┼─┼─┼─┼─┼─┼─┨
┃歩│歩│歩│歩│歩│歩│歩│  │歩┃七
┠─┼─┼─┼─┼─┼─┼─┼─┼─┨
┃  │角│  │  │  │  │  │飛│  ┃八
┠─┼─┼─┼─┼─┼─┼─┼─┼─┨
┃香│桂│銀│金│王│金│銀│桂│香┃九
┗━┷━┷━┷━┷━┷━┷━┷━┷━┛
▽後手　持ち駒：
▲先手　持ち駒：
...(^▽^)ﾄﾞｳﾀﾞｯﾀｶﾅ～☆


一手指し開始　：　残りの符号つ「」
一手指しが終わったぜ☆　ノードが追加されているんじゃないか☆？　
...(^▽^)さて、局面は☆？　：　一手指し終了　：　DebugText_Kyokumen7.C:\Users\むずでょ\Documents\GitHub\kifuwarabe-collection\Kifuwarabe_DenouT2\Sources\Entities\ApplicatedGame\Architecture\TreeDocument.cs.480
[3]データ目　葉＝[3]手目
　９　８　７　６　５　４　３　２　１
┏━┯━┯━┯━┯━┯━┯━┯━┯━┓
┃│││││  │││┃一
┠─┼─┼─┼─┼─┼─┼─┼─┼─┨
┃  ││  │  │  ││  ││  ┃二
┠─┼─┼─┼─┼─┼─┼─┼─┼─┨
┃││││││││┃三
┠─┼─┼─┼─┼─┼─┼─┼─┼─┨
┃  │  │  │  │  │  │  │  │  ┃四
┠─┼─┼─┼─┼─┼─┼─┼─┼─┨
┃  │  │  │  │  │  │  │歩│  ┃五
┠─┼─┼─┼─┼─┼─┼─┼─┼─┨
┃  │  │  │  │  │  │  │  │  ┃六
┠─┼─┼─┼─┼─┼─┼─┼─┼─┨
┃歩│歩│歩│歩│歩│歩│歩│  │歩┃七
┠─┼─┼─┼─┼─┼─┼─┼─┼─┨
┃  │角│  │  │  │  │  │飛│  ┃八
┠─┼─┼─┼─┼─┼─┼─┼─┼─┨
┃香│桂│銀│金│王│金│銀│桂│香┃九
┗━┷━┷━┷━┷━┷━┷━┷━┷━┛
▽後手　持ち駒：
▲先手　持ち駒：
...(^▽^)ﾄﾞｳﾀﾞｯﾀｶﾅ～☆


（＾△＾）現局面まで進んだのかだぜ☆？
...(^▽^)さて、局面は☆？　：　棋譜パース　：　DebugText_Kyokumen7.C:\Users\むずでょ\Documents\GitHub\kifuwarabe-collection\Kifuwarabe_DenouT2\Sources\Entities\ApplicatedGame\Architecture\TreeDocument.cs.480
[3]データ目　葉＝[3]手目
　９　８　７　６　５　４　３　２　１
┏━┯━┯━┯━┯━┯━┯━┯━┯━┓
┃│││││  │││┃一
┠─┼─┼─┼─┼─┼─┼─┼─┼─┨
┃  ││  │  │  ││  ││  ┃二
┠─┼─┼─┼─┼─┼─┼─┼─┼─┨
┃││││││││┃三
┠─┼─┼─┼─┼─┼─┼─┼─┼─┨
┃  │  │  │  │  │  │  │  │  ┃四
┠─┼─┼─┼─┼─┼─┼─┼─┼─┨
┃  │  │  │  │  │  │  │歩│  ┃五
┠─┼─┼─┼─┼─┼─┼─┼─┼─┨
┃  │  │  │  │  │  │  │  │  ┃六
┠─┼─┼─┼─┼─┼─┼─┼─┼─┨
┃歩│歩│歩│歩│歩│歩│歩│  │歩┃七
┠─┼─┼─┼─┼─┼─┼─┼─┼─┨
┃  │角│  │  │  │  │  │飛│  ┃八
┠─┼─┼─┼─┼─┼─┼─┼─┼─┨
┃香│桂│銀│金│王│金│銀│桂│香┃九
┗━┷━┷━┷━┷━┷━┷━┷━┷━┛
▽後手　持ち駒：
▲先手　持ち駒：
...(^▽^)ﾄﾞｳﾀﾞｯﾀｶﾅ～☆


平手局面にセットしたぜ☆
...(^▽^)さて、局面は☆？　：　現局面になっているのかなんだぜ☆？　line=[position startpos moves 2g2f 4a4b 2f2e]　棋譜＝position startpos moves ▲２六歩△４二金▲２五歩　：　DebugText_Kyokumen7.C:\Users\むずでょ\Documents\GitHub\kifuwarabe-collection\Kifuwarabe_DenouT2\Sources\Entities\ApplicatedGame\Architecture\TreeDocument.cs.480
[3]データ目　葉＝[3]手目
　９　８　７　６　５　４　３　２　１
┏━┯━┯━┯━┯━┯━┯━┯━┯━┓
┃│││││  │││┃一
┠─┼─┼─┼─┼─┼─┼─┼─┼─┨
┃  ││  │  │  ││  ││  ┃二
┠─┼─┼─┼─┼─┼─┼─┼─┼─┨
┃││││││││┃三
┠─┼─┼─┼─┼─┼─┼─┼─┼─┨
┃  │  │  │  │  │  │  │  │  ┃四
┠─┼─┼─┼─┼─┼─┼─┼─┼─┨
┃  │  │  │  │  │  │  │歩│  ┃五
┠─┼─┼─┼─┼─┼─┼─┼─┼─┨
┃  │  │  │  │  │  │  │  │  ┃六
┠─┼─┼─┼─┼─┼─┼─┼─┼─┨
┃歩│歩│歩│歩│歩│歩│歩│  │歩┃七
┠─┼─┼─┼─┼─┼─┼─┼─┼─┨
┃  │角│  │  │  │  │  │飛│  ┃八
┠─┼─┼─┼─┼─┼─┼─┼─┼─┨
┃香│桂│銀│金│王│金│銀│桂│香┃九
┗━┷━┷━┷━┷━┷━┷━┷━┷━┛
▽後手　持ち駒：
▲先手　持ち駒：
...(^▽^)ﾄﾞｳﾀﾞｯﾀｶﾅ～☆


将棋サーバー「3手目、きふわらべ　さんの手番ですよ！」　go btime 302000 wtime 301000 binc 2000 winc 2000
平手局面にセットしたぜ☆
(Warabe)指し手のチョイス： bestmove＝[9a9b]　先後=[Gote]　棋譜＝position startpos moves ▲２六歩△４二金▲２五歩
 ...
    ...
       ...
（＾△＾）positionきたｺﾚ！
（＾△＾）positionきたｺﾚ！　line=[position startpos moves 2g2f 4a4b 2f2e 9a9b 2e2d]
┏━━━━━━━━━━┓
わたしは　KifuParserA_StateA0_Document　の　Execute_All　だぜ☆　：　呼出箇所＝Main.C:\Users\むずでょ\Documents\GitHub\kifuwarabe-collection\Kifuwarabe_DenouT2\Sources\Engine\Program.cs.673
（＾△＾）「position startpos moves 2g2f 4a4b 2f2e 9a9b 2e2d」vs【KifuParserA_StateA0_Document】　：　ﾌﾑﾌﾑ... SFEN形式か...☆
（＾△＾）「startpos moves 2g2f 4a4b 2f2e 9a9b 2e2d」vs【KifuParserA_StateA1_SfenPosition】　：　平手のようなんだぜ☆
平手局面にセットしたぜ☆
（＾△＾）「moves 2g2f 4a4b 2f2e 9a9b 2e2d」vs【KifuParserA_StateA1a_SfenStartpos】　：　ｳﾑ☆　moves 分かるぜ☆
一手指し開始　：　残りの符号つ「4a4b 2f2e 9a9b 2e2d」
一手指しが終わったぜ☆　ノードが追加されているんじゃないか☆？　
...(^▽^)さて、局面は☆？　：　一手指し終了　：　DebugText_Kyokumen7.C:\Users\むずでょ\Documents\GitHub\kifuwarabe-collection\Kifuwarabe_DenouT2\Sources\Entities\ApplicatedGame\Architecture\TreeDocument.cs.480
[1]データ目　葉＝[1]手目
　９　８　７　６　５　４　３　２　１
┏━┯━┯━┯━┯━┯━┯━┯━┯━┓
┃││││││││┃一
┠─┼─┼─┼─┼─┼─┼─┼─┼─┨
┃  ││  │  │  │  │  ││  ┃二
┠─┼─┼─┼─┼─┼─┼─┼─┼─┨
┃││││││││┃三
┠─┼─┼─┼─┼─┼─┼─┼─┼─┨
┃  │  │  │  │  │  │  │  │  ┃四
┠─┼─┼─┼─┼─┼─┼─┼─┼─┨
┃  │  │  │  │  │  │  │  │  ┃五
┠─┼─┼─┼─┼─┼─┼─┼─┼─┨
┃  │  │  │  │  │  │  │歩│  ┃六
┠─┼─┼─┼─┼─┼─┼─┼─┼─┨
┃歩│歩│歩│歩│歩│歩│歩│  │歩┃七
┠─┼─┼─┼─┼─┼─┼─┼─┼─┨
┃  │角│  │  │  │  │  │飛│  ┃八
┠─┼─┼─┼─┼─┼─┼─┼─┼─┨
┃香│桂│銀│金│王│金│銀│桂│香┃九
┗━┷━┷━┷━┷━┷━┷━┷━┷━┛
▽後手　持ち駒：
▲先手　持ち駒：
...(^▽^)ﾄﾞｳﾀﾞｯﾀｶﾅ～☆


一手指し開始　：　残りの符号つ「2f2e 9a9b 2e2d」
一手指しが終わったぜ☆　ノードが追加されているんじゃないか☆？　
...(^▽^)さて、局面は☆？　：　一手指し終了　：　DebugText_Kyokumen7.C:\Users\むずでょ\Documents\GitHub\kifuwarabe-collection\Kifuwarabe_DenouT2\Sources\Entities\ApplicatedGame\Architecture\TreeDocument.cs.480
[2]データ目　葉＝[2]手目
　９　８　７　６　５　４　３　２　１
┏━┯━┯━┯━┯━┯━┯━┯━┯━┓
┃│││││  │││┃一
┠─┼─┼─┼─┼─┼─┼─┼─┼─┨
┃  ││  │  │  ││  ││  ┃二
┠─┼─┼─┼─┼─┼─┼─┼─┼─┨
┃││││││││┃三
┠─┼─┼─┼─┼─┼─┼─┼─┼─┨
┃  │  │  │  │  │  │  │  │  ┃四
┠─┼─┼─┼─┼─┼─┼─┼─┼─┨
┃  │  │  │  │  │  │  │  │  ┃五
┠─┼─┼─┼─┼─┼─┼─┼─┼─┨
┃  │  │  │  │  │  │  │歩│  ┃六
┠─┼─┼─┼─┼─┼─┼─┼─┼─┨
┃歩│歩│歩│歩│歩│歩│歩│  │歩┃七
┠─┼─┼─┼─┼─┼─┼─┼─┼─┨
┃  │角│  │  │  │  │  │飛│  ┃八
┠─┼─┼─┼─┼─┼─┼─┼─┼─┨
┃香│桂│銀│金│王│金│銀│桂│香┃九
┗━┷━┷━┷━┷━┷━┷━┷━┷━┛
▽後手　持ち駒：
▲先手　持ち駒：
...(^▽^)ﾄﾞｳﾀﾞｯﾀｶﾅ～☆


一手指し開始　：　残りの符号つ「9a9b 2e2d」
一手指しが終わったぜ☆　ノードが追加されているんじゃないか☆？　
...(^▽^)さて、局面は☆？　：　一手指し終了　：　DebugText_Kyokumen7.C:\Users\むずでょ\Documents\GitHub\kifuwarabe-collection\Kifuwarabe_DenouT2\Sources\Entities\ApplicatedGame\Architecture\TreeDocument.cs.480
[3]データ目　葉＝[3]手目
　９　８　７　６　５　４　３　２　１
┏━┯━┯━┯━┯━┯━┯━┯━┯━┓
┃│││││  │││┃一
┠─┼─┼─┼─┼─┼─┼─┼─┼─┨
┃  ││  │  │  ││  ││  ┃二
┠─┼─┼─┼─┼─┼─┼─┼─┼─┨
┃││││││││┃三
┠─┼─┼─┼─┼─┼─┼─┼─┼─┨
┃  │  │  │  │  │  │  │  │  ┃四
┠─┼─┼─┼─┼─┼─┼─┼─┼─┨
┃  │  │  │  │  │  │  │歩│  ┃五
┠─┼─┼─┼─┼─┼─┼─┼─┼─┨
┃  │  │  │  │  │  │  │  │  ┃六
┠─┼─┼─┼─┼─┼─┼─┼─┼─┨
┃歩│歩│歩│歩│歩│歩│歩│  │歩┃七
┠─┼─┼─┼─┼─┼─┼─┼─┼─┨
┃  │角│  │  │  │  │  │飛│  ┃八
┠─┼─┼─┼─┼─┼─┼─┼─┼─┨
┃香│桂│銀│金│王│金│銀│桂│香┃九
┗━┷━┷━┷━┷━┷━┷━┷━┷━┛
▽後手　持ち駒：
▲先手　持ち駒：
...(^▽^)ﾄﾞｳﾀﾞｯﾀｶﾅ～☆


一手指し開始　：　残りの符号つ「2e2d」
一手指しが終わったぜ☆　ノードが追加されているんじゃないか☆？　
...(^▽^)さて、局面は☆？　：　一手指し終了　：　DebugText_Kyokumen7.C:\Users\むずでょ\Documents\GitHub\kifuwarabe-collection\Kifuwarabe_DenouT2\Sources\Entities\ApplicatedGame\Architecture\TreeDocument.cs.480
[4]データ目　葉＝[4]手目
　９　８　７　６　５　４　３　２　１
┏━┯━┯━┯━┯━┯━┯━┯━┯━┓
┃  │││││  │││┃一
┠─┼─┼─┼─┼─┼─┼─┼─┼─┨
┃││  │  │  ││  ││  ┃二
┠─┼─┼─┼─┼─┼─┼─┼─┼─┨
┃││││││││┃三
┠─┼─┼─┼─┼─┼─┼─┼─┼─┨
┃  │  │  │  │  │  │  │  │  ┃四
┠─┼─┼─┼─┼─┼─┼─┼─┼─┨
┃  │  │  │  │  │  │  │歩│  ┃五
┠─┼─┼─┼─┼─┼─┼─┼─┼─┨
┃  │  │  │  │  │  │  │  │  ┃六
┠─┼─┼─┼─┼─┼─┼─┼─┼─┨
┃歩│歩│歩│歩│歩│歩│歩│  │歩┃七
┠─┼─┼─┼─┼─┼─┼─┼─┼─┨
┃  │角│  │  │  │  │  │飛│  ┃八
┠─┼─┼─┼─┼─┼─┼─┼─┼─┨
┃香│桂│銀│金│王│金│銀│桂│香┃九
┗━┷━┷━┷━┷━┷━┷━┷━┷━┛
▽後手　持ち駒：
▲先手　持ち駒：
...(^▽^)ﾄﾞｳﾀﾞｯﾀｶﾅ～☆


一手指し開始　：　残りの符号つ「」
一手指しが終わったぜ☆　ノードが追加されているんじゃないか☆？　
...(^▽^)さて、局面は☆？　：　一手指し終了　：　DebugText_Kyokumen7.C:\Users\むずでょ\Documents\GitHub\kifuwarabe-collection\Kifuwarabe_DenouT2\Sources\Entities\ApplicatedGame\Architecture\TreeDocument.cs.480
[5]データ目　葉＝[5]手目
　９　８　７　６　５　４　３　２　１
┏━┯━┯━┯━┯━┯━┯━┯━┯━┓
┃  │││││  │││┃一
┠─┼─┼─┼─┼─┼─┼─┼─┼─┨
┃││  │  │  ││  ││  ┃二
┠─┼─┼─┼─┼─┼─┼─┼─┼─┨
┃││││││││┃三
┠─┼─┼─┼─┼─┼─┼─┼─┼─┨
┃  │  │  │  │  │  │  │歩│  ┃四
┠─┼─┼─┼─┼─┼─┼─┼─┼─┨
┃  │  │  │  │  │  │  │  │  ┃五
┠─┼─┼─┼─┼─┼─┼─┼─┼─┨
┃  │  │  │  │  │  │  │  │  ┃六
┠─┼─┼─┼─┼─┼─┼─┼─┼─┨
┃歩│歩│歩│歩│歩│歩│歩│  │歩┃七
┠─┼─┼─┼─┼─┼─┼─┼─┼─┨
┃  │角│  │  │  │  │  │飛│  ┃八
┠─┼─┼─┼─┼─┼─┼─┼─┼─┨
┃香│桂│銀│金│王│金│銀│桂│香┃九
┗━┷━┷━┷━┷━┷━┷━┷━┷━┛
▽後手　持ち駒：
▲先手　持ち駒：
...(^▽^)ﾄﾞｳﾀﾞｯﾀｶﾅ～☆


（＾△＾）現局面まで進んだのかだぜ☆？
...(^▽^)さて、局面は☆？　：　棋譜パース　：　DebugText_Kyokumen7.C:\Users\むずでょ\Documents\GitHub\kifuwarabe-collection\Kifuwarabe_DenouT2\Sources\Entities\ApplicatedGame\Architecture\TreeDocument.cs.480
[5]データ目　葉＝[5]手目
　９　８　７　６　５　４　３　２　１
┏━┯━┯━┯━┯━┯━┯━┯━┯━┓
┃  │││││  │││┃一
┠─┼─┼─┼─┼─┼─┼─┼─┼─┨
┃││  │  │  ││  ││  ┃二
┠─┼─┼─┼─┼─┼─┼─┼─┼─┨
┃││││││││┃三
┠─┼─┼─┼─┼─┼─┼─┼─┼─┨
┃  │  │  │  │  │  │  │歩│  ┃四
┠─┼─┼─┼─┼─┼─┼─┼─┼─┨
┃  │  │  │  │  │  │  │  │  ┃五
┠─┼─┼─┼─┼─┼─┼─┼─┼─┨
┃  │  │  │  │  │  │  │  │  ┃六
┠─┼─┼─┼─┼─┼─┼─┼─┼─┨
┃歩│歩│歩│歩│歩│歩│歩│  │歩┃七
┠─┼─┼─┼─┼─┼─┼─┼─┼─┨
┃  │角│  │  │  │  │  │飛│  ┃八
┠─┼─┼─┼─┼─┼─┼─┼─┼─┨
┃香│桂│銀│金│王│金│銀│桂│香┃九
┗━┷━┷━┷━┷━┷━┷━┷━┷━┛
▽後手　持ち駒：
▲先手　持ち駒：
...(^▽^)ﾄﾞｳﾀﾞｯﾀｶﾅ～☆


平手局面にセットしたぜ☆
...(^▽^)さて、局面は☆？　：　現局面になっているのかなんだぜ☆？　line=[position startpos moves 2g2f 4a4b 2f2e 9a9b 2e2d]　棋譜＝position startpos moves ▲２六歩△４二金▲２五歩△９二香▲２四歩　：　DebugText_Kyokumen7.C:\Users\むずでょ\Documents\GitHub\kifuwarabe-collection\Kifuwarabe_DenouT2\Sources\Entities\ApplicatedGame\Architecture\TreeDocument.cs.480
[5]データ目　葉＝[5]手目
　９　８　７　６　５　４　３　２　１
┏━┯━┯━┯━┯━┯━┯━┯━┯━┓
┃  │││││  │││┃一
┠─┼─┼─┼─┼─┼─┼─┼─┼─┨
┃││  │  │  ││  ││  ┃二
┠─┼─┼─┼─┼─┼─┼─┼─┼─┨
┃││││││││┃三
┠─┼─┼─┼─┼─┼─┼─┼─┼─┨
┃  │  │  │  │  │  │  │歩│  ┃四
┠─┼─┼─┼─┼─┼─┼─┼─┼─┨
┃  │  │  │  │  │  │  │  │  ┃五
┠─┼─┼─┼─┼─┼─┼─┼─┼─┨
┃  │  │  │  │  │  │  │  │  ┃六
┠─┼─┼─┼─┼─┼─┼─┼─┼─┨
┃歩│歩│歩│歩│歩│歩│歩│  │歩┃七
┠─┼─┼─┼─┼─┼─┼─┼─┼─┨
┃  │角│  │  │  │  │  │飛│  ┃八
┠─┼─┼─┼─┼─┼─┼─┼─┼─┨
┃香│桂│銀│金│王│金│銀│桂│香┃九
┗━┷━┷━┷━┷━┷━┷━┷━┷━┛
▽後手　持ち駒：
▲先手　持ち駒：
...(^▽^)ﾄﾞｳﾀﾞｯﾀｶﾅ～☆


将棋サーバー「5手目、きふわらべ　さんの手番ですよ！」　go btime 303000 wtime 302000 binc 2000 winc 2000
平手局面にセットしたぜ☆
(Warabe)指し手のチョイス： bestmove＝[5a6b]　先後=[Gote]　棋譜＝position startpos moves ▲２六歩△４二金▲２五歩△９二香▲２四歩
 ...
    ...
       ...
（＾△＾）positionきたｺﾚ！
（＾△＾）positionきたｺﾚ！　line=[position startpos moves 2g2f 4a4b 2f2e 9a9b 2e2d 5a6b 2d2c+]
┏━━━━━━━━━━┓
わたしは　KifuParserA_StateA0_Document　の　Execute_All　だぜ☆　：　呼出箇所＝Main.C:\Users\むずでょ\Documents\GitHub\kifuwarabe-collection\Kifuwarabe_DenouT2\Sources\Engine\Program.cs.673
（＾△＾）「position startpos moves 2g2f 4a4b 2f2e 9a9b 2e2d 5a6b 2d2c+」vs【KifuParserA_StateA0_Document】　：　ﾌﾑﾌﾑ... SFEN形式か...☆
（＾△＾）「startpos moves 2g2f 4a4b 2f2e 9a9b 2e2d 5a6b 2d2c+」vs【KifuParserA_StateA1_SfenPosition】　：　平手のようなんだぜ☆
平手局面にセットしたぜ☆
（＾△＾）「moves 2g2f 4a4b 2f2e 9a9b 2e2d 5a6b 2d2c+」vs【KifuParserA_StateA1a_SfenStartpos】　：　ｳﾑ☆　moves 分かるぜ☆
一手指し開始　：　残りの符号つ「4a4b 2f2e 9a9b 2e2d 5a6b 2d2c+」
一手指しが終わったぜ☆　ノードが追加されているんじゃないか☆？　
...(^▽^)さて、局面は☆？　：　一手指し終了　：　DebugText_Kyokumen7.C:\Users\むずでょ\Documents\GitHub\kifuwarabe-collection\Kifuwarabe_DenouT2\Sources\Entities\ApplicatedGame\Architecture\TreeDocument.cs.480
[1]データ目　葉＝[1]手目
　９　８　７　６　５　４　３　２　１
┏━┯━┯━┯━┯━┯━┯━┯━┯━┓
┃││││││││┃一
┠─┼─┼─┼─┼─┼─┼─┼─┼─┨
┃  ││  │  │  │  │  ││  ┃二
┠─┼─┼─┼─┼─┼─┼─┼─┼─┨
┃││││││││┃三
┠─┼─┼─┼─┼─┼─┼─┼─┼─┨
┃  │  │  │  │  │  │  │  │  ┃四
┠─┼─┼─┼─┼─┼─┼─┼─┼─┨
┃  │  │  │  │  │  │  │  │  ┃五
┠─┼─┼─┼─┼─┼─┼─┼─┼─┨
┃  │  │  │  │  │  │  │歩│  ┃六
┠─┼─┼─┼─┼─┼─┼─┼─┼─┨
┃歩│歩│歩│歩│歩│歩│歩│  │歩┃七
┠─┼─┼─┼─┼─┼─┼─┼─┼─┨
┃  │角│  │  │  │  │  │飛│  ┃八
┠─┼─┼─┼─┼─┼─┼─┼─┼─┨
┃香│桂│銀│金│王│金│銀│桂│香┃九
┗━┷━┷━┷━┷━┷━┷━┷━┷━┛
▽後手　持ち駒：
▲先手　持ち駒：
...(^▽^)ﾄﾞｳﾀﾞｯﾀｶﾅ～☆


一手指し開始　：　残りの符号つ「2f2e 9a9b 2e2d 5a6b 2d2c+」
一手指しが終わったぜ☆　ノードが追加されているんじゃないか☆？　
...(^▽^)さて、局面は☆？　：　一手指し終了　：　DebugText_Kyokumen7.C:\Users\むずでょ\Documents\GitHub\kifuwarabe-collection\Kifuwarabe_DenouT2\Sources\Entities\ApplicatedGame\Architecture\TreeDocument.cs.480
[2]データ目　葉＝[2]手目
　９　８　７　６　５　４　３　２　１
┏━┯━┯━┯━┯━┯━┯━┯━┯━┓
┃│││││  │││┃一
┠─┼─┼─┼─┼─┼─┼─┼─┼─┨
┃  ││  │  │  ││  ││  ┃二
┠─┼─┼─┼─┼─┼─┼─┼─┼─┨
┃││││││││┃三
┠─┼─┼─┼─┼─┼─┼─┼─┼─┨
┃  │  │  │  │  │  │  │  │  ┃四
┠─┼─┼─┼─┼─┼─┼─┼─┼─┨
┃  │  │  │  │  │  │  │  │  ┃五
┠─┼─┼─┼─┼─┼─┼─┼─┼─┨
┃  │  │  │  │  │  │  │歩│  ┃六
┠─┼─┼─┼─┼─┼─┼─┼─┼─┨
┃歩│歩│歩│歩│歩│歩│歩│  │歩┃七
┠─┼─┼─┼─┼─┼─┼─┼─┼─┨
┃  │角│  │  │  │  │  │飛│  ┃八
┠─┼─┼─┼─┼─┼─┼─┼─┼─┨
┃香│桂│銀│金│王│金│銀│桂│香┃九
┗━┷━┷━┷━┷━┷━┷━┷━┷━┛
▽後手　持ち駒：
▲先手　持ち駒：
...(^▽^)ﾄﾞｳﾀﾞｯﾀｶﾅ～☆


一手指し開始　：　残りの符号つ「9a9b 2e2d 5a6b 2d2c+」
一手指しが終わったぜ☆　ノードが追加されているんじゃないか☆？　
...(^▽^)さて、局面は☆？　：　一手指し終了　：　DebugText_Kyokumen7.C:\Users\むずでょ\Documents\GitHub\kifuwarabe-collection\Kifuwarabe_DenouT2\Sources\Entities\ApplicatedGame\Architecture\TreeDocument.cs.480
[3]データ目　葉＝[3]手目
　９　８　７　６　５　４　３　２　１
┏━┯━┯━┯━┯━┯━┯━┯━┯━┓
┃│││││  │││┃一
┠─┼─┼─┼─┼─┼─┼─┼─┼─┨
┃  ││  │  │  ││  ││  ┃二
┠─┼─┼─┼─┼─┼─┼─┼─┼─┨
┃││││││││┃三
┠─┼─┼─┼─┼─┼─┼─┼─┼─┨
┃  │  │  │  │  │  │  │  │  ┃四
┠─┼─┼─┼─┼─┼─┼─┼─┼─┨
┃  │  │  │  │  │  │  │歩│  ┃五
┠─┼─┼─┼─┼─┼─┼─┼─┼─┨
┃  │  │  │  │  │  │  │  │  ┃六
┠─┼─┼─┼─┼─┼─┼─┼─┼─┨
┃歩│歩│歩│歩│歩│歩│歩│  │歩┃七
┠─┼─┼─┼─┼─┼─┼─┼─┼─┨
┃  │角│  │  │  │  │  │飛│  ┃八
┠─┼─┼─┼─┼─┼─┼─┼─┼─┨
┃香│桂│銀│金│王│金│銀│桂│香┃九
┗━┷━┷━┷━┷━┷━┷━┷━┷━┛
▽後手　持ち駒：
▲先手　持ち駒：
...(^▽^)ﾄﾞｳﾀﾞｯﾀｶﾅ～☆


一手指し開始　：　残りの符号つ「2e2d 5a6b 2d2c+」
一手指しが終わったぜ☆　ノードが追加されているんじゃないか☆？　
...(^▽^)さて、局面は☆？　：　一手指し終了　：　DebugText_Kyokumen7.C:\Users\むずでょ\Documents\GitHub\kifuwarabe-collection\Kifuwarabe_DenouT2\Sources\Entities\ApplicatedGame\Architecture\TreeDocument.cs.480
[4]データ目　葉＝[4]手目
　９　８　７　６　５　４　３　２　１
┏━┯━┯━┯━┯━┯━┯━┯━┯━┓
┃  │││││  │││┃一
┠─┼─┼─┼─┼─┼─┼─┼─┼─┨
┃││  │  │  ││  ││  ┃二
┠─┼─┼─┼─┼─┼─┼─┼─┼─┨
┃││││││││┃三
┠─┼─┼─┼─┼─┼─┼─┼─┼─┨
┃  │  │  │  │  │  │  │  │  ┃四
┠─┼─┼─┼─┼─┼─┼─┼─┼─┨
┃  │  │  │  │  │  │  │歩│  ┃五
┠─┼─┼─┼─┼─┼─┼─┼─┼─┨
┃  │  │  │  │  │  │  │  │  ┃六
┠─┼─┼─┼─┼─┼─┼─┼─┼─┨
┃歩│歩│歩│歩│歩│歩│歩│  │歩┃七
┠─┼─┼─┼─┼─┼─┼─┼─┼─┨
┃  │角│  │  │  │  │  │飛│  ┃八
┠─┼─┼─┼─┼─┼─┼─┼─┼─┨
┃香│桂│銀│金│王│金│銀│桂│香┃九
┗━┷━┷━┷━┷━┷━┷━┷━┷━┛
▽後手　持ち駒：
▲先手　持ち駒：
...(^▽^)ﾄﾞｳﾀﾞｯﾀｶﾅ～☆


一手指し開始　：　残りの符号つ「5a6b 2d2c+」
一手指しが終わったぜ☆　ノードが追加されているんじゃないか☆？　
...(^▽^)さて、局面は☆？　：　一手指し終了　：　DebugText_Kyokumen7.C:\Users\むずでょ\Documents\GitHub\kifuwarabe-collection\Kifuwarabe_DenouT2\Sources\Entities\ApplicatedGame\Architecture\TreeDocument.cs.480
[5]データ目　葉＝[5]手目
　９　８　７　６　５　４　３　２　１
┏━┯━┯━┯━┯━┯━┯━┯━┯━┓
┃  │││││  │││┃一
┠─┼─┼─┼─┼─┼─┼─┼─┼─┨
┃││  │  │  ││  ││  ┃二
┠─┼─┼─┼─┼─┼─┼─┼─┼─┨
┃││││││││┃三
┠─┼─┼─┼─┼─┼─┼─┼─┼─┨
┃  │  │  │  │  │  │  │歩│  ┃四
┠─┼─┼─┼─┼─┼─┼─┼─┼─┨
┃  │  │  │  │  │  │  │  │  ┃五
┠─┼─┼─┼─┼─┼─┼─┼─┼─┨
┃  │  │  │  │  │  │  │  │  ┃六
┠─┼─┼─┼─┼─┼─┼─┼─┼─┨
┃歩│歩│歩│歩│歩│歩│歩│  │歩┃七
┠─┼─┼─┼─┼─┼─┼─┼─┼─┨
┃  │角│  │  │  │  │  │飛│  ┃八
┠─┼─┼─┼─┼─┼─┼─┼─┼─┨
┃香│桂│銀│金│王│金│銀│桂│香┃九
┗━┷━┷━┷━┷━┷━┷━┷━┷━┛
▽後手　持ち駒：
▲先手　持ち駒：
...(^▽^)ﾄﾞｳﾀﾞｯﾀｶﾅ～☆


一手指し開始　：　残りの符号つ「2d2c+」
一手指しが終わったぜ☆　ノードが追加されているんじゃないか☆？　
...(^▽^)さて、局面は☆？　：　一手指し終了　：　DebugText_Kyokumen7.C:\Users\むずでょ\Documents\GitHub\kifuwarabe-collection\Kifuwarabe_DenouT2\Sources\Entities\ApplicatedGame\Architecture\TreeDocument.cs.480
[6]データ目　葉＝[6]手目
　９　８　７　６　５　４　３　２　１
┏━┯━┯━┯━┯━┯━┯━┯━┯━┓
┃  ││││  │  │││┃一
┠─┼─┼─┼─┼─┼─┼─┼─┼─┨
┃││  ││  ││  ││  ┃二
┠─┼─┼─┼─┼─┼─┼─┼─┼─┨
┃││││││││┃三
┠─┼─┼─┼─┼─┼─┼─┼─┼─┨
┃  │  │  │  │  │  │  │歩│  ┃四
┠─┼─┼─┼─┼─┼─┼─┼─┼─┨
┃  │  │  │  │  │  │  │  │  ┃五
┠─┼─┼─┼─┼─┼─┼─┼─┼─┨
┃  │  │  │  │  │  │  │  │  ┃六
┠─┼─┼─┼─┼─┼─┼─┼─┼─┨
┃歩│歩│歩│歩│歩│歩│歩│  │歩┃七
┠─┼─┼─┼─┼─┼─┼─┼─┼─┨
┃  │角│  │  │  │  │  │飛│  ┃八
┠─┼─┼─┼─┼─┼─┼─┼─┼─┨
┃香│桂│銀│金│王│金│銀│桂│香┃九
┗━┷━┷━┷━┷━┷━┷━┷━┷━┛
▽後手　持ち駒：
▲先手　持ち駒：
...(^▽^)ﾄﾞｳﾀﾞｯﾀｶﾅ～☆


一手指し開始　：　残りの符号つ「」
リンクトリストの、最終ノードは差し替えられた hint=[KifuIO_Kifusasi52] item=[2d2c+] memberName=[Kifusasi52_WhenKifuRead] sourceFilePath=[C:\Users\むずでょ\Documents\GitHub\kifuwarabe-collection\Kifuwarabe_DenouT2\Sources\Entities\UseCase\KifuIO.cs] sourceLineNumber=[482]
一手指しが終わったぜ☆　ノードが追加されているんじゃないか☆？　
...(^▽^)さて、局面は☆？　：　一手指し終了　：　DebugText_Kyokumen7.C:\Users\むずでょ\Documents\GitHub\kifuwarabe-collection\Kifuwarabe_DenouT2\Sources\Entities\ApplicatedGame\Architecture\TreeDocument.cs.480
[7]データ目　葉＝[7]手目
　９　８　７　６　５　４　３　２　１
┏━┯━┯━┯━┯━┯━┯━┯━┯━┓
┃  ││││  │  │││┃一
┠─┼─┼─┼─┼─┼─┼─┼─┼─┨
┃││  ││  ││  ││  ┃二
┠─┼─┼─┼─┼─┼─┼─┼─┼─┨
┃│││││││と│┃三
┠─┼─┼─┼─┼─┼─┼─┼─┼─┨
┃  │  │  │  │  │  │  │  │  ┃四
┠─┼─┼─┼─┼─┼─┼─┼─┼─┨
┃  │  │  │  │  │  │  │  │  ┃五
┠─┼─┼─┼─┼─┼─┼─┼─┼─┨
┃  │  │  │  │  │  │  │  │  ┃六
┠─┼─┼─┼─┼─┼─┼─┼─┼─┨
┃歩│歩│歩│歩│歩│歩│歩│  │歩┃七
┠─┼─┼─┼─┼─┼─┼─┼─┼─┨
┃  │角│  │  │  │  │  │飛│  ┃八
┠─┼─┼─┼─┼─┼─┼─┼─┼─┨
┃香│桂│銀│金│王│金│銀│桂│香┃九
┗━┷━┷━┷━┷━┷━┷━┷━┷━┛
▽後手　持ち駒：
▲先手　持ち駒：歩
...(^▽^)ﾄﾞｳﾀﾞｯﾀｶﾅ～☆


（＾△＾）現局面まで進んだのかだぜ☆？
...(^▽^)さて、局面は☆？　：　棋譜パース　：　DebugText_Kyokumen7.C:\Users\むずでょ\Documents\GitHub\kifuwarabe-collection\Kifuwarabe_DenouT2\Sources\Entities\ApplicatedGame\Architecture\TreeDocument.cs.480
[7]データ目　葉＝[7]手目
　９　８　７　６　５　４　３　２　１
┏━┯━┯━┯━┯━┯━┯━┯━┯━┓
┃  ││││  │  │││┃一
┠─┼─┼─┼─┼─┼─┼─┼─┼─┨
┃││  ││  ││  ││  ┃二
┠─┼─┼─┼─┼─┼─┼─┼─┼─┨
┃│││││││と│┃三
┠─┼─┼─┼─┼─┼─┼─┼─┼─┨
┃  │  │  │  │  │  │  │  │  ┃四
┠─┼─┼─┼─┼─┼─┼─┼─┼─┨
┃  │  │  │  │  │  │  │  │  ┃五
┠─┼─┼─┼─┼─┼─┼─┼─┼─┨
┃  │  │  │  │  │  │  │  │  ┃六
┠─┼─┼─┼─┼─┼─┼─┼─┼─┨
┃歩│歩│歩│歩│歩│歩│歩│  │歩┃七
┠─┼─┼─┼─┼─┼─┼─┼─┼─┨
┃  │角│  │  │  │  │  │飛│  ┃八
┠─┼─┼─┼─┼─┼─┼─┼─┼─┨
┃香│桂│銀│金│王│金│銀│桂│香┃九
┗━┷━┷━┷━┷━┷━┷━┷━┷━┛
▽後手　持ち駒：
▲先手　持ち駒：歩
...(^▽^)ﾄﾞｳﾀﾞｯﾀｶﾅ～☆


平手局面にセットしたぜ☆
...(^▽^)さて、局面は☆？　：　現局面になっているのかなんだぜ☆？　line=[position startpos moves 2g2f 4a4b 2f2e 9a9b 2e2d 5a6b 2d2c+]　棋譜＝position startpos moves ▲２六歩△４二金▲２五歩△９二香▲２四歩△６二王▲２三歩成　：　DebugText_Kyokumen7.C:\Users\むずでょ\Documents\GitHub\kifuwarabe-collection\Kifuwarabe_DenouT2\Sources\Entities\ApplicatedGame\Architecture\TreeDocument.cs.480
[7]データ目　葉＝[7]手目
　９　８　７　６　５　４　３　２　１
┏━┯━┯━┯━┯━┯━┯━┯━┯━┓
┃  ││││  │  │││┃一
┠─┼─┼─┼─┼─┼─┼─┼─┼─┨
┃││  ││  ││  ││  ┃二
┠─┼─┼─┼─┼─┼─┼─┼─┼─┨
┃│││││││と│┃三
┠─┼─┼─┼─┼─┼─┼─┼─┼─┨
┃  │  │  │  │  │  │  │  │  ┃四
┠─┼─┼─┼─┼─┼─┼─┼─┼─┨
┃  │  │  │  │  │  │  │  │  ┃五
┠─┼─┼─┼─┼─┼─┼─┼─┼─┨
┃  │  │  │  │  │  │  │  │  ┃六
┠─┼─┼─┼─┼─┼─┼─┼─┼─┨
┃歩│歩│歩│歩│歩│歩│歩│  │歩┃七
┠─┼─┼─┼─┼─┼─┼─┼─┼─┨
┃  │角│  │  │  │  │  │飛│  ┃八
┠─┼─┼─┼─┼─┼─┼─┼─┼─┨
┃香│桂│銀│金│王│金│銀│桂│香┃九
┗━┷━┷━┷━┷━┷━┷━┷━┷━┛
▽後手　持ち駒：
▲先手　持ち駒：歩
...(^▽^)ﾄﾞｳﾀﾞｯﾀｶﾅ～☆


将棋サーバー「7手目、きふわらべ　さんの手番ですよ！」　go btime 304000 wtime 303000 binc 2000 winc 2000
平手局面にセットしたぜ☆
(Warabe)指し手のチョイス： bestmove＝[8c8d]　先後=[Gote]　棋譜＝position startpos moves ▲２六歩△４二金▲２五歩△９二香▲２四歩△６二王▲２三歩成
 ...
    ...
       ...
（＾△＾）positionきたｺﾚ！
（＾△＾）positionきたｺﾚ！　line=[position startpos moves 2g2f 4a4b 2f2e 9a9b 2e2d 5a6b 2d2c+ 8c8d 2c2b]
┏━━━━━━━━━━┓
わたしは　KifuParserA_StateA0_Document　の　Execute_All　だぜ☆　：　呼出箇所＝Main.C:\Users\むずでょ\Documents\GitHub\kifuwarabe-collection\Kifuwarabe_DenouT2\Sources\Engine\Program.cs.673
（＾△＾）「position startpos moves 2g2f 4a4b 2f2e 9a9b 2e2d 5a6b 2d2c+ 8c8d 2c2b」vs【KifuParserA_StateA0_Document】　：　ﾌﾑﾌﾑ... SFEN形式か...☆
（＾△＾）「startpos moves 2g2f 4a4b 2f2e 9a9b 2e2d 5a6b 2d2c+ 8c8d 2c2b」vs【KifuParserA_StateA1_SfenPosition】　：　平手のようなんだぜ☆
平手局面にセットしたぜ☆
（＾△＾）「moves 2g2f 4a4b 2f2e 9a9b 2e2d 5a6b 2d2c+ 8c8d 2c2b」vs【KifuParserA_StateA1a_SfenStartpos】　：　ｳﾑ☆　moves 分かるぜ☆
一手指し開始　：　残りの符号つ「4a4b 2f2e 9a9b 2e2d 5a6b 2d2c+ 8c8d 2c2b」
一手指しが終わったぜ☆　ノードが追加されているんじゃないか☆？　
...(^▽^)さて、局面は☆？　：　一手指し終了　：　DebugText_Kyokumen7.C:\Users\むずでょ\Documents\GitHub\kifuwarabe-collection\Kifuwarabe_DenouT2\Sources\Entities\ApplicatedGame\Architecture\TreeDocument.cs.480
[1]データ目　葉＝[1]手目
　９　８　７　６　５　４　３　２　１
┏━┯━┯━┯━┯━┯━┯━┯━┯━┓
┃││││││││┃一
┠─┼─┼─┼─┼─┼─┼─┼─┼─┨
┃  ││  │  │  │  │  ││  ┃二
┠─┼─┼─┼─┼─┼─┼─┼─┼─┨
┃││││││││┃三
┠─┼─┼─┼─┼─┼─┼─┼─┼─┨
┃  │  │  │  │  │  │  │  │  ┃四
┠─┼─┼─┼─┼─┼─┼─┼─┼─┨
┃  │  │  │  │  │  │  │  │  ┃五
┠─┼─┼─┼─┼─┼─┼─┼─┼─┨
┃  │  │  │  │  │  │  │歩│  ┃六
┠─┼─┼─┼─┼─┼─┼─┼─┼─┨
┃歩│歩│歩│歩│歩│歩│歩│  │歩┃七
┠─┼─┼─┼─┼─┼─┼─┼─┼─┨
┃  │角│  │  │  │  │  │飛│  ┃八
┠─┼─┼─┼─┼─┼─┼─┼─┼─┨
┃香│桂│銀│金│王│金│銀│桂│香┃九
┗━┷━┷━┷━┷━┷━┷━┷━┷━┛
▽後手　持ち駒：
▲先手　持ち駒：
...(^▽^)ﾄﾞｳﾀﾞｯﾀｶﾅ～☆


一手指し開始　：　残りの符号つ「2f2e 9a9b 2e2d 5a6b 2d2c+ 8c8d 2c2b」
一手指しが終わったぜ☆　ノードが追加されているんじゃないか☆？　
...(^▽^)さて、局面は☆？　：　一手指し終了　：　DebugText_Kyokumen7.C:\Users\むずでょ\Documents\GitHub\kifuwarabe-collection\Kifuwarabe_DenouT2\Sources\Entities\ApplicatedGame\Architecture\TreeDocument.cs.480
[2]データ目　葉＝[2]手目
　９　８　７　６　５　４　３　２　１
┏━┯━┯━┯━┯━┯━┯━┯━┯━┓
┃│││││  │││┃一
┠─┼─┼─┼─┼─┼─┼─┼─┼─┨
┃  ││  │  │  ││  ││  ┃二
┠─┼─┼─┼─┼─┼─┼─┼─┼─┨
┃││││││││┃三
┠─┼─┼─┼─┼─┼─┼─┼─┼─┨
┃  │  │  │  │  │  │  │  │  ┃四
┠─┼─┼─┼─┼─┼─┼─┼─┼─┨
┃  │  │  │  │  │  │  │  │  ┃五
┠─┼─┼─┼─┼─┼─┼─┼─┼─┨
┃  │  │  │  │  │  │  │歩│  ┃六
┠─┼─┼─┼─┼─┼─┼─┼─┼─┨
┃歩│歩│歩│歩│歩│歩│歩│  │歩┃七
┠─┼─┼─┼─┼─┼─┼─┼─┼─┨
┃  │角│  │  │  │  │  │飛│  ┃八
┠─┼─┼─┼─┼─┼─┼─┼─┼─┨
┃香│桂│銀│金│王│金│銀│桂│香┃九
┗━┷━┷━┷━┷━┷━┷━┷━┷━┛
▽後手　持ち駒：
▲先手　持ち駒：
...(^▽^)ﾄﾞｳﾀﾞｯﾀｶﾅ～☆


一手指し開始　：　残りの符号つ「9a9b 2e2d 5a6b 2d2c+ 8c8d 2c2b」
一手指しが終わったぜ☆　ノードが追加されているんじゃないか☆？　
...(^▽^)さて、局面は☆？　：　一手指し終了　：　DebugText_Kyokumen7.C:\Users\むずでょ\Documents\GitHub\kifuwarabe-collection\Kifuwarabe_DenouT2\Sources\Entities\ApplicatedGame\Architecture\TreeDocument.cs.480
[3]データ目　葉＝[3]手目
　９　８　７　６　５　４　３　２　１
┏━┯━┯━┯━┯━┯━┯━┯━┯━┓
┃│││││  │││┃一
┠─┼─┼─┼─┼─┼─┼─┼─┼─┨
┃  ││  │  │  ││  ││  ┃二
┠─┼─┼─┼─┼─┼─┼─┼─┼─┨
┃││││││││┃三
┠─┼─┼─┼─┼─┼─┼─┼─┼─┨
┃  │  │  │  │  │  │  │  │  ┃四
┠─┼─┼─┼─┼─┼─┼─┼─┼─┨
┃  │  │  │  │  │  │  │歩│  ┃五
┠─┼─┼─┼─┼─┼─┼─┼─┼─┨
┃  │  │  │  │  │  │  │  │  ┃六
┠─┼─┼─┼─┼─┼─┼─┼─┼─┨
┃歩│歩│歩│歩│歩│歩│歩│  │歩┃七
┠─┼─┼─┼─┼─┼─┼─┼─┼─┨
┃  │角│  │  │  │  │  │飛│  ┃八
┠─┼─┼─┼─┼─┼─┼─┼─┼─┨
┃香│桂│銀│金│王│金│銀│桂│香┃九
┗━┷━┷━┷━┷━┷━┷━┷━┷━┛
▽後手　持ち駒：
▲先手　持ち駒：
...(^▽^)ﾄﾞｳﾀﾞｯﾀｶﾅ～☆


一手指し開始　：　残りの符号つ「2e2d 5a6b 2d2c+ 8c8d 2c2b」
一手指しが終わったぜ☆　ノードが追加されているんじゃないか☆？　
...(^▽^)さて、局面は☆？　：　一手指し終了　：　DebugText_Kyokumen7.C:\Users\むずでょ\Documents\GitHub\kifuwarabe-collection\Kifuwarabe_DenouT2\Sources\Entities\ApplicatedGame\Architecture\TreeDocument.cs.480
[4]データ目　葉＝[4]手目
　９　８　７　６　５　４　３　２　１
┏━┯━┯━┯━┯━┯━┯━┯━┯━┓
┃  │││││  │││┃一
┠─┼─┼─┼─┼─┼─┼─┼─┼─┨
┃││  │  │  ││  ││  ┃二
┠─┼─┼─┼─┼─┼─┼─┼─┼─┨
┃││││││││┃三
┠─┼─┼─┼─┼─┼─┼─┼─┼─┨
┃  │  │  │  │  │  │  │  │  ┃四
┠─┼─┼─┼─┼─┼─┼─┼─┼─┨
┃  │  │  │  │  │  │  │歩│  ┃五
┠─┼─┼─┼─┼─┼─┼─┼─┼─┨
┃  │  │  │  │  │  │  │  │  ┃六
┠─┼─┼─┼─┼─┼─┼─┼─┼─┨
┃歩│歩│歩│歩│歩│歩│歩│  │歩┃七
┠─┼─┼─┼─┼─┼─┼─┼─┼─┨
┃  │角│  │  │  │  │  │飛│  ┃八
┠─┼─┼─┼─┼─┼─┼─┼─┼─┨
┃香│桂│銀│金│王│金│銀│桂│香┃九
┗━┷━┷━┷━┷━┷━┷━┷━┷━┛
▽後手　持ち駒：
▲先手　持ち駒：
...(^▽^)ﾄﾞｳﾀﾞｯﾀｶﾅ～☆


一手指し開始　：　残りの符号つ「5a6b 2d2c+ 8c8d 2c2b」
一手指しが終わったぜ☆　ノードが追加されているんじゃないか☆？　
...(^▽^)さて、局面は☆？　：　一手指し終了　：　DebugText_Kyokumen7.C:\Users\むずでょ\Documents\GitHub\kifuwarabe-collection\Kifuwarabe_DenouT2\Sources\Entities\ApplicatedGame\Architecture\TreeDocument.cs.480
[5]データ目　葉＝[5]手目
　９　８　７　６　５　４　３　２　１
┏━┯━┯━┯━┯━┯━┯━┯━┯━┓
┃  │││││  │││┃一
┠─┼─┼─┼─┼─┼─┼─┼─┼─┨
┃││  │  │  ││  ││  ┃二
┠─┼─┼─┼─┼─┼─┼─┼─┼─┨
┃││││││││┃三
┠─┼─┼─┼─┼─┼─┼─┼─┼─┨
┃  │  │  │  │  │  │  │歩│  ┃四
┠─┼─┼─┼─┼─┼─┼─┼─┼─┨
┃  │  │  │  │  │  │  │  │  ┃五
┠─┼─┼─┼─┼─┼─┼─┼─┼─┨
┃  │  │  │  │  │  │  │  │  ┃六
┠─┼─┼─┼─┼─┼─┼─┼─┼─┨
┃歩│歩│歩│歩│歩│歩│歩│  │歩┃七
┠─┼─┼─┼─┼─┼─┼─┼─┼─┨
┃  │角│  │  │  │  │  │飛│  ┃八
┠─┼─┼─┼─┼─┼─┼─┼─┼─┨
┃香│桂│銀│金│王│金│銀│桂│香┃九
┗━┷━┷━┷━┷━┷━┷━┷━┷━┛
▽後手　持ち駒：
▲先手　持ち駒：
...(^▽^)ﾄﾞｳﾀﾞｯﾀｶﾅ～☆


一手指し開始　：　残りの符号つ「2d2c+ 8c8d 2c2b」
一手指しが終わったぜ☆　ノードが追加されているんじゃないか☆？　
...(^▽^)さて、局面は☆？　：　一手指し終了　：　DebugText_Kyokumen7.C:\Users\むずでょ\Documents\GitHub\kifuwarabe-collection\Kifuwarabe_DenouT2\Sources\Entities\ApplicatedGame\Architecture\TreeDocument.cs.480
[6]データ目　葉＝[6]手目
　９　８　７　６　５　４　３　２　１
┏━┯━┯━┯━┯━┯━┯━┯━┯━┓
┃  ││││  │  │││┃一
┠─┼─┼─┼─┼─┼─┼─┼─┼─┨
┃││  ││  ││  ││  ┃二
┠─┼─┼─┼─┼─┼─┼─┼─┼─┨
┃││││││││┃三
┠─┼─┼─┼─┼─┼─┼─┼─┼─┨
┃  │  │  │  │  │  │  │歩│  ┃四
┠─┼─┼─┼─┼─┼─┼─┼─┼─┨
┃  │  │  │  │  │  │  │  │  ┃五
┠─┼─┼─┼─┼─┼─┼─┼─┼─┨
┃  │  │  │  │  │  │  │  │  ┃六
┠─┼─┼─┼─┼─┼─┼─┼─┼─┨
┃歩│歩│歩│歩│歩│歩│歩│  │歩┃七
┠─┼─┼─┼─┼─┼─┼─┼─┼─┨
┃  │角│  │  │  │  │  │飛│  ┃八
┠─┼─┼─┼─┼─┼─┼─┼─┼─┨
┃香│桂│銀│金│王│金│銀│桂│香┃九
┗━┷━┷━┷━┷━┷━┷━┷━┷━┛
▽後手　持ち駒：
▲先手　持ち駒：
...(^▽^)ﾄﾞｳﾀﾞｯﾀｶﾅ～☆


一手指し開始　：　残りの符号つ「8c8d 2c2b」
リンクトリストの、最終ノードは差し替えられた hint=[KifuIO_Kifusasi52] item=[2d2c+] memberName=[Kifusasi52_WhenKifuRead] sourceFilePath=[C:\Users\むずでょ\Documents\GitHub\kifuwarabe-collection\Kifuwarabe_DenouT2\Sources\Entities\UseCase\KifuIO.cs] sourceLineNumber=[482]
一手指しが終わったぜ☆　ノードが追加されているんじゃないか☆？　
...(^▽^)さて、局面は☆？　：　一手指し終了　：　DebugText_Kyokumen7.C:\Users\むずでょ\Documents\GitHub\kifuwarabe-collection\Kifuwarabe_DenouT2\Sources\Entities\ApplicatedGame\Architecture\TreeDocument.cs.480
[7]データ目　葉＝[7]手目
　９　８　７　６　５　４　３　２　１
┏━┯━┯━┯━┯━┯━┯━┯━┯━┓
┃  ││││  │  │││┃一
┠─┼─┼─┼─┼─┼─┼─┼─┼─┨
┃││  ││  ││  ││  ┃二
┠─┼─┼─┼─┼─┼─┼─┼─┼─┨
┃│││││││と│┃三
┠─┼─┼─┼─┼─┼─┼─┼─┼─┨
┃  │  │  │  │  │  │  │  │  ┃四
┠─┼─┼─┼─┼─┼─┼─┼─┼─┨
┃  │  │  │  │  │  │  │  │  ┃五
┠─┼─┼─┼─┼─┼─┼─┼─┼─┨
┃  │  │  │  │  │  │  │  │  ┃六
┠─┼─┼─┼─┼─┼─┼─┼─┼─┨
┃歩│歩│歩│歩│歩│歩│歩│  │歩┃七
┠─┼─┼─┼─┼─┼─┼─┼─┼─┨
┃  │角│  │  │  │  │  │飛│  ┃八
┠─┼─┼─┼─┼─┼─┼─┼─┼─┨
┃香│桂│銀│金│王│金│銀│桂│香┃九
┗━┷━┷━┷━┷━┷━┷━┷━┷━┛
▽後手　持ち駒：
▲先手　持ち駒：歩
...(^▽^)ﾄﾞｳﾀﾞｯﾀｶﾅ～☆


一手指し開始　：　残りの符号つ「2c2b」
一手指しが終わったぜ☆　ノードが追加されているんじゃないか☆？　
...(^▽^)さて、局面は☆？　：　一手指し終了　：　DebugText_Kyokumen7.C:\Users\むずでょ\Documents\GitHub\kifuwarabe-collection\Kifuwarabe_DenouT2\Sources\Entities\ApplicatedGame\Architecture\TreeDocument.cs.480
[8]データ目　葉＝[8]手目
　９　８　７　６　５　４　３　２　１
┏━┯━┯━┯━┯━┯━┯━┯━┯━┓
┃  ││││  │  │││┃一
┠─┼─┼─┼─┼─┼─┼─┼─┼─┨
┃││  ││  ││  ││  ┃二
┠─┼─┼─┼─┼─┼─┼─┼─┼─┨
┃│  ││││││と│┃三
┠─┼─┼─┼─┼─┼─┼─┼─┼─┨
┃  ││  │  │  │  │  │  │  ┃四
┠─┼─┼─┼─┼─┼─┼─┼─┼─┨
┃  │  │  │  │  │  │  │  │  ┃五
┠─┼─┼─┼─┼─┼─┼─┼─┼─┨
┃  │  │  │  │  │  │  │  │  ┃六
┠─┼─┼─┼─┼─┼─┼─┼─┼─┨
┃歩│歩│歩│歩│歩│歩│歩│  │歩┃七
┠─┼─┼─┼─┼─┼─┼─┼─┼─┨
┃  │角│  │  │  │  │  │飛│  ┃八
┠─┼─┼─┼─┼─┼─┼─┼─┼─┨
┃香│桂│銀│金│王│金│銀│桂│香┃九
┗━┷━┷━┷━┷━┷━┷━┷━┷━┛
▽後手　持ち駒：
▲先手　持ち駒：歩
...(^▽^)ﾄﾞｳﾀﾞｯﾀｶﾅ～☆


一手指し開始　：　残りの符号つ「」
リンクトリストの、最終ノードは差し替えられた hint=[KifuIO_Kifusasi52] item=[2c2b] memberName=[Kifusasi52_WhenKifuRead] sourceFilePath=[C:\Users\むずでょ\Documents\GitHub\kifuwarabe-collection\Kifuwarabe_DenouT2\Sources\Entities\UseCase\KifuIO.cs] sourceLineNumber=[482]
一手指しが終わったぜ☆　ノードが追加されているんじゃないか☆？　
...(^▽^)さて、局面は☆？　：　一手指し終了　：　DebugText_Kyokumen7.C:\Users\むずでょ\Documents\GitHub\kifuwarabe-collection\Kifuwarabe_DenouT2\Sources\Entities\ApplicatedGame\Architecture\TreeDocument.cs.480
[9]データ目　葉＝[9]手目
　９　８　７　６　５　４　３　２　１
┏━┯━┯━┯━┯━┯━┯━┯━┯━┓
┃  ││││  │  │││┃一
┠─┼─┼─┼─┼─┼─┼─┼─┼─┨
┃││  ││  ││  │と│  ┃二
┠─┼─┼─┼─┼─┼─┼─┼─┼─┨
┃│  ││││││  │┃三
┠─┼─┼─┼─┼─┼─┼─┼─┼─┨
┃  ││  │  │  │  │  │  │  ┃四
┠─┼─┼─┼─┼─┼─┼─┼─┼─┨
┃  │  │  │  │  │  │  │  │  ┃五
┠─┼─┼─┼─┼─┼─┼─┼─┼─┨
┃  │  │  │  │  │  │  │  │  ┃六
┠─┼─┼─┼─┼─┼─┼─┼─┼─┨
┃歩│歩│歩│歩│歩│歩│歩│  │歩┃七
┠─┼─┼─┼─┼─┼─┼─┼─┼─┨
┃  │角│  │  │  │  │  │飛│  ┃八
┠─┼─┼─┼─┼─┼─┼─┼─┼─┨
┃香│桂│銀│金│王│金│銀│桂│香┃九
┗━┷━┷━┷━┷━┷━┷━┷━┷━┛
▽後手　持ち駒：
▲先手　持ち駒：角歩
...(^▽^)ﾄﾞｳﾀﾞｯﾀｶﾅ～☆


（＾△＾）現局面まで進んだのかだぜ☆？
...(^▽^)さて、局面は☆？　：　棋譜パース　：　DebugText_Kyokumen7.C:\Users\むずでょ\Documents\GitHub\kifuwarabe-collection\Kifuwarabe_DenouT2\Sources\Entities\ApplicatedGame\Architecture\TreeDocument.cs.480
[9]データ目　葉＝[9]手目
　９　８　７　６　５　４　３　２　１
┏━┯━┯━┯━┯━┯━┯━┯━┯━┓
┃  ││││  │  │││┃一
┠─┼─┼─┼─┼─┼─┼─┼─┼─┨
┃││  ││  ││  │と│  ┃二
┠─┼─┼─┼─┼─┼─┼─┼─┼─┨
┃│  ││││││  │┃三
┠─┼─┼─┼─┼─┼─┼─┼─┼─┨
┃  ││  │  │  │  │  │  │  ┃四
┠─┼─┼─┼─┼─┼─┼─┼─┼─┨
┃  │  │  │  │  │  │  │  │  ┃五
┠─┼─┼─┼─┼─┼─┼─┼─┼─┨
┃  │  │  │  │  │  │  │  │  ┃六
┠─┼─┼─┼─┼─┼─┼─┼─┼─┨
┃歩│歩│歩│歩│歩│歩│歩│  │歩┃七
┠─┼─┼─┼─┼─┼─┼─┼─┼─┨
┃  │角│  │  │  │  │  │飛│  ┃八
┠─┼─┼─┼─┼─┼─┼─┼─┼─┨
┃香│桂│銀│金│王│金│銀│桂│香┃九
┗━┷━┷━┷━┷━┷━┷━┷━┷━┛
▽後手　持ち駒：
▲先手　持ち駒：角歩
...(^▽^)ﾄﾞｳﾀﾞｯﾀｶﾅ～☆


平手局面にセットしたぜ☆
...(^▽^)さて、局面は☆？　：　現局面になっているのかなんだぜ☆？　line=[position startpos moves 2g2f 4a4b 2f2e 9a9b 2e2d 5a6b 2d2c+ 8c8d 2c2b]　棋譜＝position startpos moves ▲２六歩△４二金▲２五歩△９二香▲２四歩△６二王▲２三歩成△８四歩▲２二と　：　DebugText_Kyokumen7.C:\Users\むずでょ\Documents\GitHub\kifuwarabe-collection\Kifuwarabe_DenouT2\Sources\Entities\ApplicatedGame\Architecture\TreeDocument.cs.480
[9]データ目　葉＝[9]手目
　９　８　７　６　５　４　３　２　１
┏━┯━┯━┯━┯━┯━┯━┯━┯━┓
┃  ││││  │  │││┃一
┠─┼─┼─┼─┼─┼─┼─┼─┼─┨
┃││  ││  ││  │と│  ┃二
┠─┼─┼─┼─┼─┼─┼─┼─┼─┨
┃│  ││││││  │┃三
┠─┼─┼─┼─┼─┼─┼─┼─┼─┨
┃  ││  │  │  │  │  │  │  ┃四
┠─┼─┼─┼─┼─┼─┼─┼─┼─┨
┃  │  │  │  │  │  │  │  │  ┃五
┠─┼─┼─┼─┼─┼─┼─┼─┼─┨
┃  │  │  │  │  │  │  │  │  ┃六
┠─┼─┼─┼─┼─┼─┼─┼─┼─┨
┃歩│歩│歩│歩│歩│歩│歩│  │歩┃七
┠─┼─┼─┼─┼─┼─┼─┼─┼─┨
┃  │角│  │  │  │  │  │飛│  ┃八
┠─┼─┼─┼─┼─┼─┼─┼─┼─┨
┃香│桂│銀│金│王│金│銀│桂│香┃九
┗━┷━┷━┷━┷━┷━┷━┷━┷━┛
▽後手　持ち駒：
▲先手　持ち駒：角歩
...(^▽^)ﾄﾞｳﾀﾞｯﾀｶﾅ～☆


将棋サーバー「9手目、きふわらべ　さんの手番ですよ！」　go btime 305000 wtime 304000 binc 2000 winc 2000
平手局面にセットしたぜ☆
(Warabe)指し手のチョイス： bestmove＝[8b8c]　先後=[Gote]　棋譜＝position startpos moves ▲２六歩△４二金▲２五歩△９二香▲２四歩△６二王▲２三歩成△８四歩▲２二と
 ...
    ...
       ...
（＾△＾）positionきたｺﾚ！
（＾△＾）positionきたｺﾚ！　line=[position startpos moves 2g2f 4a4b 2f2e 9a9b 2e2d 5a6b 2d2c+ 8c8d 2c2b 8b8c 2b3a]
┏━━━━━━━━━━┓
わたしは　KifuParserA_StateA0_Document　の　Execute_All　だぜ☆　：　呼出箇所＝Main.C:\Users\むずでょ\Documents\GitHub\kifuwarabe-collection\Kifuwarabe_DenouT2\Sources\Engine\Program.cs.673
（＾△＾）「position startpos moves 2g2f 4a4b 2f2e 9a9b 2e2d 5a6b 2d2c+ 8c8d 2c2b 8b8c 2b3a」vs【KifuParserA_StateA0_Document】　：　ﾌﾑﾌﾑ... SFEN形式か...☆
（＾△＾）「startpos moves 2g2f 4a4b 2f2e 9a9b 2e2d 5a6b 2d2c+ 8c8d 2c2b 8b8c 2b3a」vs【KifuParserA_StateA1_SfenPosition】　：　平手のようなんだぜ☆
平手局面にセットしたぜ☆
（＾△＾）「moves 2g2f 4a4b 2f2e 9a9b 2e2d 5a6b 2d2c+ 8c8d 2c2b 8b8c 2b3a」vs【KifuParserA_StateA1a_SfenStartpos】　：　ｳﾑ☆　moves 分かるぜ☆
一手指し開始　：　残りの符号つ「4a4b 2f2e 9a9b 2e2d 5a6b 2d2c+ 8c8d 2c2b 8b8c 2b3a」
一手指しが終わったぜ☆　ノードが追加されているんじゃないか☆？　
...(^▽^)さて、局面は☆？　：　一手指し終了　：　DebugText_Kyokumen7.C:\Users\むずでょ\Documents\GitHub\kifuwarabe-collection\Kifuwarabe_DenouT2\Sources\Entities\ApplicatedGame\Architecture\TreeDocument.cs.480
[1]データ目　葉＝[1]手目
　９　８　７　６　５　４　３　２　１
┏━┯━┯━┯━┯━┯━┯━┯━┯━┓
┃││││││││┃一
┠─┼─┼─┼─┼─┼─┼─┼─┼─┨
┃  ││  │  │  │  │  ││  ┃二
┠─┼─┼─┼─┼─┼─┼─┼─┼─┨
┃││││││││┃三
┠─┼─┼─┼─┼─┼─┼─┼─┼─┨
┃  │  │  │  │  │  │  │  │  ┃四
┠─┼─┼─┼─┼─┼─┼─┼─┼─┨
┃  │  │  │  │  │  │  │  │  ┃五
┠─┼─┼─┼─┼─┼─┼─┼─┼─┨
┃  │  │  │  │  │  │  │歩│  ┃六
┠─┼─┼─┼─┼─┼─┼─┼─┼─┨
┃歩│歩│歩│歩│歩│歩│歩│  │歩┃七
┠─┼─┼─┼─┼─┼─┼─┼─┼─┨
┃  │角│  │  │  │  │  │飛│  ┃八
┠─┼─┼─┼─┼─┼─┼─┼─┼─┨
┃香│桂│銀│金│王│金│銀│桂│香┃九
┗━┷━┷━┷━┷━┷━┷━┷━┷━┛
▽後手　持ち駒：
▲先手　持ち駒：
...(^▽^)ﾄﾞｳﾀﾞｯﾀｶﾅ～☆


一手指し開始　：　残りの符号つ「2f2e 9a9b 2e2d 5a6b 2d2c+ 8c8d 2c2b 8b8c 2b3a」
一手指しが終わったぜ☆　ノードが追加されているんじゃないか☆？　
...(^▽^)さて、局面は☆？　：　一手指し終了　：　DebugText_Kyokumen7.C:\Users\むずでょ\Documents\GitHub\kifuwarabe-collection\Kifuwarabe_DenouT2\Sources\Entities\ApplicatedGame\Architecture\TreeDocument.cs.480
[2]データ目　葉＝[2]手目
　９　８　７　６　５　４　３　２　１
┏━┯━┯━┯━┯━┯━┯━┯━┯━┓
┃│││││  │││┃一
┠─┼─┼─┼─┼─┼─┼─┼─┼─┨
┃  ││  │  │  ││  ││  ┃二
┠─┼─┼─┼─┼─┼─┼─┼─┼─┨
┃││││││││┃三
┠─┼─┼─┼─┼─┼─┼─┼─┼─┨
┃  │  │  │  │  │  │  │  │  ┃四
┠─┼─┼─┼─┼─┼─┼─┼─┼─┨
┃  │  │  │  │  │  │  │  │  ┃五
┠─┼─┼─┼─┼─┼─┼─┼─┼─┨
┃  │  │  │  │  │  │  │歩│  ┃六
┠─┼─┼─┼─┼─┼─┼─┼─┼─┨
┃歩│歩│歩│歩│歩│歩│歩│  │歩┃七
┠─┼─┼─┼─┼─┼─┼─┼─┼─┨
┃  │角│  │  │  │  │  │飛│  ┃八
┠─┼─┼─┼─┼─┼─┼─┼─┼─┨
┃香│桂│銀│金│王│金│銀│桂│香┃九
┗━┷━┷━┷━┷━┷━┷━┷━┷━┛
▽後手　持ち駒：
▲先手　持ち駒：
...(^▽^)ﾄﾞｳﾀﾞｯﾀｶﾅ～☆


一手指し開始　：　残りの符号つ「9a9b 2e2d 5a6b 2d2c+ 8c8d 2c2b 8b8c 2b3a」
一手指しが終わったぜ☆　ノードが追加されているんじゃないか☆？　
...(^▽^)さて、局面は☆？　：　一手指し終了　：　DebugText_Kyokumen7.C:\Users\むずでょ\Documents\GitHub\kifuwarabe-collection\Kifuwarabe_DenouT2\Sources\Entities\ApplicatedGame\Architecture\TreeDocument.cs.480
[3]データ目　葉＝[3]手目
　９　８　７　６　５　４　３　２　１
┏━┯━┯━┯━┯━┯━┯━┯━┯━┓
┃│││││  │││┃一
┠─┼─┼─┼─┼─┼─┼─┼─┼─┨
┃  ││  │  │  ││  ││  ┃二
┠─┼─┼─┼─┼─┼─┼─┼─┼─┨
┃││││││││┃三
┠─┼─┼─┼─┼─┼─┼─┼─┼─┨
┃  │  │  │  │  │  │  │  │  ┃四
┠─┼─┼─┼─┼─┼─┼─┼─┼─┨
┃  │  │  │  │  │  │  │歩│  ┃五
┠─┼─┼─┼─┼─┼─┼─┼─┼─┨
┃  │  │  │  │  │  │  │  │  ┃六
┠─┼─┼─┼─┼─┼─┼─┼─┼─┨
┃歩│歩│歩│歩│歩│歩│歩│  │歩┃七
┠─┼─┼─┼─┼─┼─┼─┼─┼─┨
┃  │角│  │  │  │  │  │飛│  ┃八
┠─┼─┼─┼─┼─┼─┼─┼─┼─┨
┃香│桂│銀│金│王│金│銀│桂│香┃九
┗━┷━┷━┷━┷━┷━┷━┷━┷━┛
▽後手　持ち駒：
▲先手　持ち駒：
...(^▽^)ﾄﾞｳﾀﾞｯﾀｶﾅ～☆


一手指し開始　：　残りの符号つ「2e2d 5a6b 2d2c+ 8c8d 2c2b 8b8c 2b3a」
一手指しが終わったぜ☆　ノードが追加されているんじゃないか☆？　
...(^▽^)さて、局面は☆？　：　一手指し終了　：　DebugText_Kyokumen7.C:\Users\むずでょ\Documents\GitHub\kifuwarabe-collection\Kifuwarabe_DenouT2\Sources\Entities\ApplicatedGame\Architecture\TreeDocument.cs.480
[4]データ目　葉＝[4]手目
　９　８　７　６　５　４　３　２　１
┏━┯━┯━┯━┯━┯━┯━┯━┯━┓
┃  │││││  │││┃一
┠─┼─┼─┼─┼─┼─┼─┼─┼─┨
┃││  │  │  ││  ││  ┃二
┠─┼─┼─┼─┼─┼─┼─┼─┼─┨
┃││││││││┃三
┠─┼─┼─┼─┼─┼─┼─┼─┼─┨
┃  │  │  │  │  │  │  │  │  ┃四
┠─┼─┼─┼─┼─┼─┼─┼─┼─┨
┃  │  │  │  │  │  │  │歩│  ┃五
┠─┼─┼─┼─┼─┼─┼─┼─┼─┨
┃  │  │  │  │  │  │  │  │  ┃六
┠─┼─┼─┼─┼─┼─┼─┼─┼─┨
┃歩│歩│歩│歩│歩│歩│歩│  │歩┃七
┠─┼─┼─┼─┼─┼─┼─┼─┼─┨
┃  │角│  │  │  │  │  │飛│  ┃八
┠─┼─┼─┼─┼─┼─┼─┼─┼─┨
┃香│桂│銀│金│王│金│銀│桂│香┃九
┗━┷━┷━┷━┷━┷━┷━┷━┷━┛
▽後手　持ち駒：
▲先手　持ち駒：
...(^▽^)ﾄﾞｳﾀﾞｯﾀｶﾅ～☆


一手指し開始　：　残りの符号つ「5a6b 2d2c+ 8c8d 2c2b 8b8c 2b3a」
一手指しが終わったぜ☆　ノードが追加されているんじゃないか☆？　
...(^▽^)さて、局面は☆？　：　一手指し終了　：　DebugText_Kyokumen7.C:\Users\むずでょ\Documents\GitHub\kifuwarabe-collection\Kifuwarabe_DenouT2\Sources\Entities\ApplicatedGame\Architecture\TreeDocument.cs.480
[5]データ目　葉＝[5]手目
　９　８　７　６　５　４　３　２　１
┏━┯━┯━┯━┯━┯━┯━┯━┯━┓
┃  │││││  │││┃一
┠─┼─┼─┼─┼─┼─┼─┼─┼─┨
┃││  │  │  ││  ││  ┃二
┠─┼─┼─┼─┼─┼─┼─┼─┼─┨
┃││││││││┃三
┠─┼─┼─┼─┼─┼─┼─┼─┼─┨
┃  │  │  │  │  │  │  │歩│  ┃四
┠─┼─┼─┼─┼─┼─┼─┼─┼─┨
┃  │  │  │  │  │  │  │  │  ┃五
┠─┼─┼─┼─┼─┼─┼─┼─┼─┨
┃  │  │  │  │  │  │  │  │  ┃六
┠─┼─┼─┼─┼─┼─┼─┼─┼─┨
┃歩│歩│歩│歩│歩│歩│歩│  │歩┃七
┠─┼─┼─┼─┼─┼─┼─┼─┼─┨
┃  │角│  │  │  │  │  │飛│  ┃八
┠─┼─┼─┼─┼─┼─┼─┼─┼─┨
┃香│桂│銀│金│王│金│銀│桂│香┃九
┗━┷━┷━┷━┷━┷━┷━┷━┷━┛
▽後手　持ち駒：
▲先手　持ち駒：
...(^▽^)ﾄﾞｳﾀﾞｯﾀｶﾅ～☆


一手指し開始　：　残りの符号つ「2d2c+ 8c8d 2c2b 8b8c 2b3a」
一手指しが終わったぜ☆　ノードが追加されているんじゃないか☆？　
...(^▽^)さて、局面は☆？　：　一手指し終了　：　DebugText_Kyokumen7.C:\Users\むずでょ\Documents\GitHub\kifuwarabe-collection\Kifuwarabe_DenouT2\Sources\Entities\ApplicatedGame\Architecture\TreeDocument.cs.480
[6]データ目　葉＝[6]手目
　９　８　７　６　５　４　３　２　１
┏━┯━┯━┯━┯━┯━┯━┯━┯━┓
┃  ││││  │  │││┃一
┠─┼─┼─┼─┼─┼─┼─┼─┼─┨
┃││  ││  ││  ││  ┃二
┠─┼─┼─┼─┼─┼─┼─┼─┼─┨
┃││││││││┃三
┠─┼─┼─┼─┼─┼─┼─┼─┼─┨
┃  │  │  │  │  │  │  │歩│  ┃四
┠─┼─┼─┼─┼─┼─┼─┼─┼─┨
┃  │  │  │  │  │  │  │  │  ┃五
┠─┼─┼─┼─┼─┼─┼─┼─┼─┨
┃  │  │  │  │  │  │  │  │  ┃六
┠─┼─┼─┼─┼─┼─┼─┼─┼─┨
┃歩│歩│歩│歩│歩│歩│歩│  │歩┃七
┠─┼─┼─┼─┼─┼─┼─┼─┼─┨
┃  │角│  │  │  │  │  │飛│  ┃八
┠─┼─┼─┼─┼─┼─┼─┼─┼─┨
┃香│桂│銀│金│王│金│銀│桂│香┃九
┗━┷━┷━┷━┷━┷━┷━┷━┷━┛
▽後手　持ち駒：
▲先手　持ち駒：
...(^▽^)ﾄﾞｳﾀﾞｯﾀｶﾅ～☆


一手指し開始　：　残りの符号つ「8c8d 2c2b 8b8c 2b3a」
リンクトリストの、最終ノードは差し替えられた hint=[KifuIO_Kifusasi52] item=[2d2c+] memberName=[Kifusasi52_WhenKifuRead] sourceFilePath=[C:\Users\むずでょ\Documents\GitHub\kifuwarabe-collection\Kifuwarabe_DenouT2\Sources\Entities\UseCase\KifuIO.cs] sourceLineNumber=[482]
一手指しが終わったぜ☆　ノードが追加されているんじゃないか☆？　
...(^▽^)さて、局面は☆？　：　一手指し終了　：　DebugText_Kyokumen7.C:\Users\むずでょ\Documents\GitHub\kifuwarabe-collection\Kifuwarabe_DenouT2\Sources\Entities\ApplicatedGame\Architecture\TreeDocument.cs.480
[7]データ目　葉＝[7]手目
　９　８　７　６　５　４　３　２　１
┏━┯━┯━┯━┯━┯━┯━┯━┯━┓
┃  ││││  │  │││┃一
┠─┼─┼─┼─┼─┼─┼─┼─┼─┨
┃││  ││  ││  ││  ┃二
┠─┼─┼─┼─┼─┼─┼─┼─┼─┨
┃│││││││と│┃三
┠─┼─┼─┼─┼─┼─┼─┼─┼─┨
┃  │  │  │  │  │  │  │  │  ┃四
┠─┼─┼─┼─┼─┼─┼─┼─┼─┨
┃  │  │  │  │  │  │  │  │  ┃五
┠─┼─┼─┼─┼─┼─┼─┼─┼─┨
┃  │  │  │  │  │  │  │  │  ┃六
┠─┼─┼─┼─┼─┼─┼─┼─┼─┨
┃歩│歩│歩│歩│歩│歩│歩│  │歩┃七
┠─┼─┼─┼─┼─┼─┼─┼─┼─┨
┃  │角│  │  │  │  │  │飛│  ┃八
┠─┼─┼─┼─┼─┼─┼─┼─┼─┨
┃香│桂│銀│金│王│金│銀│桂│香┃九
┗━┷━┷━┷━┷━┷━┷━┷━┷━┛
▽後手　持ち駒：
▲先手　持ち駒：歩
...(^▽^)ﾄﾞｳﾀﾞｯﾀｶﾅ～☆


一手指し開始　：　残りの符号つ「2c2b 8b8c 2b3a」
一手指しが終わったぜ☆　ノードが追加されているんじゃないか☆？　
...(^▽^)さて、局面は☆？　：　一手指し終了　：　DebugText_Kyokumen7.C:\Users\むずでょ\Documents\GitHub\kifuwarabe-collection\Kifuwarabe_DenouT2\Sources\Entities\ApplicatedGame\Architecture\TreeDocument.cs.480
[8]データ目　葉＝[8]手目
　９　８　７　６　５　４　３　２　１
┏━┯━┯━┯━┯━┯━┯━┯━┯━┓
┃  ││││  │  │││┃一
┠─┼─┼─┼─┼─┼─┼─┼─┼─┨
┃││  ││  ││  ││  ┃二
┠─┼─┼─┼─┼─┼─┼─┼─┼─┨
┃│  ││││││と│┃三
┠─┼─┼─┼─┼─┼─┼─┼─┼─┨
┃  ││  │  │  │  │  │  │  ┃四
┠─┼─┼─┼─┼─┼─┼─┼─┼─┨
┃  │  │  │  │  │  │  │  │  ┃五
┠─┼─┼─┼─┼─┼─┼─┼─┼─┨
┃  │  │  │  │  │  │  │  │  ┃六
┠─┼─┼─┼─┼─┼─┼─┼─┼─┨
┃歩│歩│歩│歩│歩│歩│歩│  │歩┃七
┠─┼─┼─┼─┼─┼─┼─┼─┼─┨
┃  │角│  │  │  │  │  │飛│  ┃八
┠─┼─┼─┼─┼─┼─┼─┼─┼─┨
┃香│桂│銀│金│王│金│銀│桂│香┃九
┗━┷━┷━┷━┷━┷━┷━┷━┷━┛
▽後手　持ち駒：
▲先手　持ち駒：歩
...(^▽^)ﾄﾞｳﾀﾞｯﾀｶﾅ～☆


一手指し開始　：　残りの符号つ「8b8c 2b3a」
リンクトリストの、最終ノードは差し替えられた hint=[KifuIO_Kifusasi52] item=[2c2b] memberName=[Kifusasi52_WhenKifuRead] sourceFilePath=[C:\Users\むずでょ\Documents\GitHub\kifuwarabe-collection\Kifuwarabe_DenouT2\Sources\Entities\UseCase\KifuIO.cs] sourceLineNumber=[482]
一手指しが終わったぜ☆　ノードが追加されているんじゃないか☆？　
...(^▽^)さて、局面は☆？　：　一手指し終了　：　DebugText_Kyokumen7.C:\Users\むずでょ\Documents\GitHub\kifuwarabe-collection\Kifuwarabe_DenouT2\Sources\Entities\ApplicatedGame\Architecture\TreeDocument.cs.480
[9]データ目　葉＝[9]手目
　９　８　７　６　５　４　３　２　１
┏━┯━┯━┯━┯━┯━┯━┯━┯━┓
┃  ││││  │  │││┃一
┠─┼─┼─┼─┼─┼─┼─┼─┼─┨
┃││  ││  ││  │と│  ┃二
┠─┼─┼─┼─┼─┼─┼─┼─┼─┨
┃│  ││││││  │┃三
┠─┼─┼─┼─┼─┼─┼─┼─┼─┨
┃  ││  │  │  │  │  │  │  ┃四
┠─┼─┼─┼─┼─┼─┼─┼─┼─┨
┃  │  │  │  │  │  │  │  │  ┃五
┠─┼─┼─┼─┼─┼─┼─┼─┼─┨
┃  │  │  │  │  │  │  │  │  ┃六
┠─┼─┼─┼─┼─┼─┼─┼─┼─┨
┃歩│歩│歩│歩│歩│歩│歩│  │歩┃七
┠─┼─┼─┼─┼─┼─┼─┼─┼─┨
┃  │角│  │  │  │  │  │飛│  ┃八
┠─┼─┼─┼─┼─┼─┼─┼─┼─┨
┃香│桂│銀│金│王│金│銀│桂│香┃九
┗━┷━┷━┷━┷━┷━┷━┷━┷━┛
▽後手　持ち駒：
▲先手　持ち駒：角歩
...(^▽^)ﾄﾞｳﾀﾞｯﾀｶﾅ～☆


一手指し開始　：　残りの符号つ「2b3a」
一手指しが終わったぜ☆　ノードが追加されているんじゃないか☆？　
...(^▽^)さて、局面は☆？　：　一手指し終了　：　DebugText_Kyokumen7.C:\Users\むずでょ\Documents\GitHub\kifuwarabe-collection\Kifuwarabe_DenouT2\Sources\Entities\ApplicatedGame\Architecture\TreeDocument.cs.480
[10]データ目　葉＝[10]手目
　９　８　７　６　５　４　３　２　１
┏━┯━┯━┯━┯━┯━┯━┯━┯━┓
┃  ││││  │  │││┃一
┠─┼─┼─┼─┼─┼─┼─┼─┼─┨
┃│  │  ││  ││  │と│  ┃二
┠─┼─┼─┼─┼─┼─┼─┼─┼─┨
┃│││││││  │┃三
┠─┼─┼─┼─┼─┼─┼─┼─┼─┨
┃  ││  │  │  │  │  │  │  ┃四
┠─┼─┼─┼─┼─┼─┼─┼─┼─┨
┃  │  │  │  │  │  │  │  │  ┃五
┠─┼─┼─┼─┼─┼─┼─┼─┼─┨
┃  │  │  │  │  │  │  │  │  ┃六
┠─┼─┼─┼─┼─┼─┼─┼─┼─┨
┃歩│歩│歩│歩│歩│歩│歩│  │歩┃七
┠─┼─┼─┼─┼─┼─┼─┼─┼─┨
┃  │角│  │  │  │  │  │飛│  ┃八
┠─┼─┼─┼─┼─┼─┼─┼─┼─┨
┃香│桂│銀│金│王│金│銀│桂│香┃九
┗━┷━┷━┷━┷━┷━┷━┷━┷━┛
▽後手　持ち駒：
▲先手　持ち駒：角歩
...(^▽^)ﾄﾞｳﾀﾞｯﾀｶﾅ～☆


一手指し開始　：　残りの符号つ「」
リンクトリストの、最終ノードは差し替えられた hint=[KifuIO_Kifusasi52] item=[2b3a] memberName=[Kifusasi52_WhenKifuRead] sourceFilePath=[C:\Users\むずでょ\Documents\GitHub\kifuwarabe-collection\Kifuwarabe_DenouT2\Sources\Entities\UseCase\KifuIO.cs] sourceLineNumber=[482]
一手指しが終わったぜ☆　ノードが追加されているんじゃないか☆？　
...(^▽^)さて、局面は☆？　：　一手指し終了　：　DebugText_Kyokumen7.C:\Users\むずでょ\Documents\GitHub\kifuwarabe-collection\Kifuwarabe_DenouT2\Sources\Entities\ApplicatedGame\Architecture\TreeDocument.cs.480
[11]データ目　葉＝[11]手目
　９　８　７　６　５　４　３　２　１
┏━┯━┯━┯━┯━┯━┯━┯━┯━┓
┃  ││││  │  │と││┃一
┠─┼─┼─┼─┼─┼─┼─┼─┼─┨
┃│  │  ││  ││  │  │  ┃二
┠─┼─┼─┼─┼─┼─┼─┼─┼─┨
┃│││││││  │┃三
┠─┼─┼─┼─┼─┼─┼─┼─┼─┨
┃  ││  │  │  │  │  │  │  ┃四
┠─┼─┼─┼─┼─┼─┼─┼─┼─┨
┃  │  │  │  │  │  │  │  │  ┃五
┠─┼─┼─┼─┼─┼─┼─┼─┼─┨
┃  │  │  │  │  │  │  │  │  ┃六
┠─┼─┼─┼─┼─┼─┼─┼─┼─┨
┃歩│歩│歩│歩│歩│歩│歩│  │歩┃七
┠─┼─┼─┼─┼─┼─┼─┼─┼─┨
┃  │角│  │  │  │  │  │飛│  ┃八
┠─┼─┼─┼─┼─┼─┼─┼─┼─┨
┃香│桂│銀│金│王│金│銀│桂│香┃九
┗━┷━┷━┷━┷━┷━┷━┷━┷━┛
▽後手　持ち駒：
▲先手　持ち駒：角銀歩
...(^▽^)ﾄﾞｳﾀﾞｯﾀｶﾅ～☆


（＾△＾）現局面まで進んだのかだぜ☆？
...(^▽^)さて、局面は☆？　：　棋譜パース　：　DebugText_Kyokumen7.C:\Users\むずでょ\Documents\GitHub\kifuwarabe-collection\Kifuwarabe_DenouT2\Sources\Entities\ApplicatedGame\Architecture\TreeDocument.cs.480
[11]データ目　葉＝[11]手目
　９　８　７　６　５　４　３　２　１
┏━┯━┯━┯━┯━┯━┯━┯━┯━┓
┃  ││││  │  │と││┃一
┠─┼─┼─┼─┼─┼─┼─┼─┼─┨
┃│  │  ││  ││  │  │  ┃二
┠─┼─┼─┼─┼─┼─┼─┼─┼─┨
┃│││││││  │┃三
┠─┼─┼─┼─┼─┼─┼─┼─┼─┨
┃  ││  │  │  │  │  │  │  ┃四
┠─┼─┼─┼─┼─┼─┼─┼─┼─┨
┃  │  │  │  │  │  │  │  │  ┃五
┠─┼─┼─┼─┼─┼─┼─┼─┼─┨
┃  │  │  │  │  │  │  │  │  ┃六
┠─┼─┼─┼─┼─┼─┼─┼─┼─┨
┃歩│歩│歩│歩│歩│歩│歩│  │歩┃七
┠─┼─┼─┼─┼─┼─┼─┼─┼─┨
┃  │角│  │  │  │  │  │飛│  ┃八
┠─┼─┼─┼─┼─┼─┼─┼─┼─┨
┃香│桂│銀│金│王│金│銀│桂│香┃九
┗━┷━┷━┷━┷━┷━┷━┷━┷━┛
▽後手　持ち駒：
▲先手　持ち駒：角銀歩
...(^▽^)ﾄﾞｳﾀﾞｯﾀｶﾅ～☆


平手局面にセットしたぜ☆
...(^▽^)さて、局面は☆？　：　現局面になっているのかなんだぜ☆？　line=[position startpos moves 2g2f 4a4b 2f2e 9a9b 2e2d 5a6b 2d2c+ 8c8d 2c2b 8b8c 2b3a]　棋譜＝position startpos moves ▲２六歩△４二金▲２五歩△９二香▲２四歩△６二王▲２三歩成△８四歩▲２二と△８三飛▲３一と　：　DebugText_Kyokumen7.C:\Users\むずでょ\Documents\GitHub\kifuwarabe-collection\Kifuwarabe_DenouT2\Sources\Entities\ApplicatedGame\Architecture\TreeDocument.cs.480
[11]データ目　葉＝[11]手目
　９　８　７　６　５　４　３　２　１
┏━┯━┯━┯━┯━┯━┯━┯━┯━┓
┃  ││││  │  │と││┃一
┠─┼─┼─┼─┼─┼─┼─┼─┼─┨
┃│  │  ││  ││  │  │  ┃二
┠─┼─┼─┼─┼─┼─┼─┼─┼─┨
┃│││││││  │┃三
┠─┼─┼─┼─┼─┼─┼─┼─┼─┨
┃  ││  │  │  │  │  │  │  ┃四
┠─┼─┼─┼─┼─┼─┼─┼─┼─┨
┃  │  │  │  │  │  │  │  │  ┃五
┠─┼─┼─┼─┼─┼─┼─┼─┼─┨
┃  │  │  │  │  │  │  │  │  ┃六
┠─┼─┼─┼─┼─┼─┼─┼─┼─┨
┃歩│歩│歩│歩│歩│歩│歩│  │歩┃七
┠─┼─┼─┼─┼─┼─┼─┼─┼─┨
┃  │角│  │  │  │  │  │飛│  ┃八
┠─┼─┼─┼─┼─┼─┼─┼─┼─┨
┃香│桂│銀│金│王│金│銀│桂│香┃九
┗━┷━┷━┷━┷━┷━┷━┷━┷━┛
▽後手　持ち駒：
▲先手　持ち駒：角銀歩
...(^▽^)ﾄﾞｳﾀﾞｯﾀｶﾅ～☆


将棋サーバー「11手目、きふわらべ　さんの手番ですよ！」　go btime 306000 wtime 305000 binc 2000 winc 2000
平手局面にセットしたぜ☆
(Warabe)指し手のチョイス： bestmove＝[5c5d]　先後=[Gote]　棋譜＝position startpos moves ▲２六歩△４二金▲２五歩△９二香▲２四歩△６二王▲２三歩成△８四歩▲２二と△８三飛▲３一と
 ...
    ...
       ...
（＾△＾）positionきたｺﾚ！
（＾△＾）positionきたｺﾚ！　line=[position startpos moves 2g2f 4a4b 2f2e 9a9b 2e2d 5a6b 2d2c+ 8c8d 2c2b 8b8c 2b3a 5c5d 2h2b+]
┏━━━━━━━━━━┓
わたしは　KifuParserA_StateA0_Document　の　Execute_All　だぜ☆　：　呼出箇所＝Main.C:\Users\むずでょ\Documents\GitHub\kifuwarabe-collection\Kifuwarabe_DenouT2\Sources\Engine\Program.cs.673
（＾△＾）「position startpos moves 2g2f 4a4b 2f2e 9a9b 2e2d 5a6b 2d2c+ 8c8d 2c2b 8b8c 2b3a 5c5d 2h2b+」vs【KifuParserA_StateA0_Document】　：　ﾌﾑﾌﾑ... SFEN形式か...☆
（＾△＾）「startpos moves 2g2f 4a4b 2f2e 9a9b 2e2d 5a6b 2d2c+ 8c8d 2c2b 8b8c 2b3a 5c5d 2h2b+」vs【KifuParserA_StateA1_SfenPosition】　：　平手のようなんだぜ☆
平手局面にセットしたぜ☆
（＾△＾）「moves 2g2f 4a4b 2f2e 9a9b 2e2d 5a6b 2d2c+ 8c8d 2c2b 8b8c 2b3a 5c5d 2h2b+」vs【KifuParserA_StateA1a_SfenStartpos】　：　ｳﾑ☆　moves 分かるぜ☆
一手指し開始　：　残りの符号つ「4a4b 2f2e 9a9b 2e2d 5a6b 2d2c+ 8c8d 2c2b 8b8c 2b3a 5c5d 2h2b+」
一手指しが終わったぜ☆　ノードが追加されているんじゃないか☆？　
...(^▽^)さて、局面は☆？　：　一手指し終了　：　DebugText_Kyokumen7.C:\Users\むずでょ\Documents\GitHub\kifuwarabe-collection\Kifuwarabe_DenouT2\Sources\Entities\ApplicatedGame\Architecture\TreeDocument.cs.480
[1]データ目　葉＝[1]手目
　９　８　７　６　５　４　３　２　１
┏━┯━┯━┯━┯━┯━┯━┯━┯━┓
┃││││││││┃一
┠─┼─┼─┼─┼─┼─┼─┼─┼─┨
┃  ││  │  │  │  │  ││  ┃二
┠─┼─┼─┼─┼─┼─┼─┼─┼─┨
┃││││││││┃三
┠─┼─┼─┼─┼─┼─┼─┼─┼─┨
┃  │  │  │  │  │  │  │  │  ┃四
┠─┼─┼─┼─┼─┼─┼─┼─┼─┨
┃  │  │  │  │  │  │  │  │  ┃五
┠─┼─┼─┼─┼─┼─┼─┼─┼─┨
┃  │  │  │  │  │  │  │歩│  ┃六
┠─┼─┼─┼─┼─┼─┼─┼─┼─┨
┃歩│歩│歩│歩│歩│歩│歩│  │歩┃七
┠─┼─┼─┼─┼─┼─┼─┼─┼─┨
┃  │角│  │  │  │  │  │飛│  ┃八
┠─┼─┼─┼─┼─┼─┼─┼─┼─┨
┃香│桂│銀│金│王│金│銀│桂│香┃九
┗━┷━┷━┷━┷━┷━┷━┷━┷━┛
▽後手　持ち駒：
▲先手　持ち駒：
...(^▽^)ﾄﾞｳﾀﾞｯﾀｶﾅ～☆


一手指し開始　：　残りの符号つ「2f2e 9a9b 2e2d 5a6b 2d2c+ 8c8d 2c2b 8b8c 2b3a 5c5d 2h2b+」
一手指しが終わったぜ☆　ノードが追加されているんじゃないか☆？　
...(^▽^)さて、局面は☆？　：　一手指し終了　：　DebugText_Kyokumen7.C:\Users\むずでょ\Documents\GitHub\kifuwarabe-collection\Kifuwarabe_DenouT2\Sources\Entities\ApplicatedGame\Architecture\TreeDocument.cs.480
[2]データ目　葉＝[2]手目
　９　８　７　６　５　４　３　２　１
┏━┯━┯━┯━┯━┯━┯━┯━┯━┓
┃│││││  │││┃一
┠─┼─┼─┼─┼─┼─┼─┼─┼─┨
┃  ││  │  │  ││  ││  ┃二
┠─┼─┼─┼─┼─┼─┼─┼─┼─┨
┃││││││││┃三
┠─┼─┼─┼─┼─┼─┼─┼─┼─┨
┃  │  │  │  │  │  │  │  │  ┃四
┠─┼─┼─┼─┼─┼─┼─┼─┼─┨
┃  │  │  │  │  │  │  │  │  ┃五
┠─┼─┼─┼─┼─┼─┼─┼─┼─┨
┃  │  │  │  │  │  │  │歩│  ┃六
┠─┼─┼─┼─┼─┼─┼─┼─┼─┨
┃歩│歩│歩│歩│歩│歩│歩│  │歩┃七
┠─┼─┼─┼─┼─┼─┼─┼─┼─┨
┃  │角│  │  │  │  │  │飛│  ┃八
┠─┼─┼─┼─┼─┼─┼─┼─┼─┨
┃香│桂│銀│金│王│金│銀│桂│香┃九
┗━┷━┷━┷━┷━┷━┷━┷━┷━┛
▽後手　持ち駒：
▲先手　持ち駒：
...(^▽^)ﾄﾞｳﾀﾞｯﾀｶﾅ～☆


一手指し開始　：　残りの符号つ「9a9b 2e2d 5a6b 2d2c+ 8c8d 2c2b 8b8c 2b3a 5c5d 2h2b+」
一手指しが終わったぜ☆　ノードが追加されているんじゃないか☆？　
...(^▽^)さて、局面は☆？　：　一手指し終了　：　DebugText_Kyokumen7.C:\Users\むずでょ\Documents\GitHub\kifuwarabe-collection\Kifuwarabe_DenouT2\Sources\Entities\ApplicatedGame\Architecture\TreeDocument.cs.480
[3]データ目　葉＝[3]手目
　９　８　７　６　５　４　３　２　１
┏━┯━┯━┯━┯━┯━┯━┯━┯━┓
┃│││││  │││┃一
┠─┼─┼─┼─┼─┼─┼─┼─┼─┨
┃  ││  │  │  ││  ││  ┃二
┠─┼─┼─┼─┼─┼─┼─┼─┼─┨
┃││││││││┃三
┠─┼─┼─┼─┼─┼─┼─┼─┼─┨
┃  │  │  │  │  │  │  │  │  ┃四
┠─┼─┼─┼─┼─┼─┼─┼─┼─┨
┃  │  │  │  │  │  │  │歩│  ┃五
┠─┼─┼─┼─┼─┼─┼─┼─┼─┨
┃  │  │  │  │  │  │  │  │  ┃六
┠─┼─┼─┼─┼─┼─┼─┼─┼─┨
┃歩│歩│歩│歩│歩│歩│歩│  │歩┃七
┠─┼─┼─┼─┼─┼─┼─┼─┼─┨
┃  │角│  │  │  │  │  │飛│  ┃八
┠─┼─┼─┼─┼─┼─┼─┼─┼─┨
┃香│桂│銀│金│王│金│銀│桂│香┃九
┗━┷━┷━┷━┷━┷━┷━┷━┷━┛
▽後手　持ち駒：
▲先手　持ち駒：
...(^▽^)ﾄﾞｳﾀﾞｯﾀｶﾅ～☆


一手指し開始　：　残りの符号つ「2e2d 5a6b 2d2c+ 8c8d 2c2b 8b8c 2b3a 5c5d 2h2b+」
一手指しが終わったぜ☆　ノードが追加されているんじゃないか☆？　
...(^▽^)さて、局面は☆？　：　一手指し終了　：　DebugText_Kyokumen7.C:\Users\むずでょ\Documents\GitHub\kifuwarabe-collection\Kifuwarabe_DenouT2\Sources\Entities\ApplicatedGame\Architecture\TreeDocument.cs.480
[4]データ目　葉＝[4]手目
　９　８　７　６　５　４　３　２　１
┏━┯━┯━┯━┯━┯━┯━┯━┯━┓
┃  │││││  │││┃一
┠─┼─┼─┼─┼─┼─┼─┼─┼─┨
┃││  │  │  ││  ││  ┃二
┠─┼─┼─┼─┼─┼─┼─┼─┼─┨
┃││││││││┃三
┠─┼─┼─┼─┼─┼─┼─┼─┼─┨
┃  │  │  │  │  │  │  │  │  ┃四
┠─┼─┼─┼─┼─┼─┼─┼─┼─┨
┃  │  │  │  │  │  │  │歩│  ┃五
┠─┼─┼─┼─┼─┼─┼─┼─┼─┨
┃  │  │  │  │  │  │  │  │  ┃六
┠─┼─┼─┼─┼─┼─┼─┼─┼─┨
┃歩│歩│歩│歩│歩│歩│歩│  │歩┃七
┠─┼─┼─┼─┼─┼─┼─┼─┼─┨
┃  │角│  │  │  │  │  │飛│  ┃八
┠─┼─┼─┼─┼─┼─┼─┼─┼─┨
┃香│桂│銀│金│王│金│銀│桂│香┃九
┗━┷━┷━┷━┷━┷━┷━┷━┷━┛
▽後手　持ち駒：
▲先手　持ち駒：
...(^▽^)ﾄﾞｳﾀﾞｯﾀｶﾅ～☆


一手指し開始　：　残りの符号つ「5a6b 2d2c+ 8c8d 2c2b 8b8c 2b3a 5c5d 2h2b+」
一手指しが終わったぜ☆　ノードが追加されているんじゃないか☆？　
...(^▽^)さて、局面は☆？　：　一手指し終了　：　DebugText_Kyokumen7.C:\Users\むずでょ\Documents\GitHub\kifuwarabe-collection\Kifuwarabe_DenouT2\Sources\Entities\ApplicatedGame\Architecture\TreeDocument.cs.480
[5]データ目　葉＝[5]手目
　９　８　７　６　５　４　３　２　１
┏━┯━┯━┯━┯━┯━┯━┯━┯━┓
┃  │││││  │││┃一
┠─┼─┼─┼─┼─┼─┼─┼─┼─┨
┃││  │  │  ││  ││  ┃二
┠─┼─┼─┼─┼─┼─┼─┼─┼─┨
┃││││││││┃三
┠─┼─┼─┼─┼─┼─┼─┼─┼─┨
┃  │  │  │  │  │  │  │歩│  ┃四
┠─┼─┼─┼─┼─┼─┼─┼─┼─┨
┃  │  │  │  │  │  │  │  │  ┃五
┠─┼─┼─┼─┼─┼─┼─┼─┼─┨
┃  │  │  │  │  │  │  │  │  ┃六
┠─┼─┼─┼─┼─┼─┼─┼─┼─┨
┃歩│歩│歩│歩│歩│歩│歩│  │歩┃七
┠─┼─┼─┼─┼─┼─┼─┼─┼─┨
┃  │角│  │  │  │  │  │飛│  ┃八
┠─┼─┼─┼─┼─┼─┼─┼─┼─┨
┃香│桂│銀│金│王│金│銀│桂│香┃九
┗━┷━┷━┷━┷━┷━┷━┷━┷━┛
▽後手　持ち駒：
▲先手　持ち駒：
...(^▽^)ﾄﾞｳﾀﾞｯﾀｶﾅ～☆


一手指し開始　：　残りの符号つ「2d2c+ 8c8d 2c2b 8b8c 2b3a 5c5d 2h2b+」
一手指しが終わったぜ☆　ノードが追加されているんじゃないか☆？　
...(^▽^)さて、局面は☆？　：　一手指し終了　：　DebugText_Kyokumen7.C:\Users\むずでょ\Documents\GitHub\kifuwarabe-collection\Kifuwarabe_DenouT2\Sources\Entities\ApplicatedGame\Architecture\TreeDocument.cs.480
[6]データ目　葉＝[6]手目
　９　８　７　６　５　４　３　２　１
┏━┯━┯━┯━┯━┯━┯━┯━┯━┓
┃  ││││  │  │││┃一
┠─┼─┼─┼─┼─┼─┼─┼─┼─┨
┃││  ││  ││  ││  ┃二
┠─┼─┼─┼─┼─┼─┼─┼─┼─┨
┃││││││││┃三
┠─┼─┼─┼─┼─┼─┼─┼─┼─┨
┃  │  │  │  │  │  │  │歩│  ┃四
┠─┼─┼─┼─┼─┼─┼─┼─┼─┨
┃  │  │  │  │  │  │  │  │  ┃五
┠─┼─┼─┼─┼─┼─┼─┼─┼─┨
┃  │  │  │  │  │  │  │  │  ┃六
┠─┼─┼─┼─┼─┼─┼─┼─┼─┨
┃歩│歩│歩│歩│歩│歩│歩│  │歩┃七
┠─┼─┼─┼─┼─┼─┼─┼─┼─┨
┃  │角│  │  │  │  │  │飛│  ┃八
┠─┼─┼─┼─┼─┼─┼─┼─┼─┨
┃香│桂│銀│金│王│金│銀│桂│香┃九
┗━┷━┷━┷━┷━┷━┷━┷━┷━┛
▽後手　持ち駒：
▲先手　持ち駒：
...(^▽^)ﾄﾞｳﾀﾞｯﾀｶﾅ～☆


一手指し開始　：　残りの符号つ「8c8d 2c2b 8b8c 2b3a 5c5d 2h2b+」
リンクトリストの、最終ノードは差し替えられた hint=[KifuIO_Kifusasi52] item=[2d2c+] memberName=[Kifusasi52_WhenKifuRead] sourceFilePath=[C:\Users\むずでょ\Documents\GitHub\kifuwarabe-collection\Kifuwarabe_DenouT2\Sources\Entities\UseCase\KifuIO.cs] sourceLineNumber=[482]
一手指しが終わったぜ☆　ノードが追加されているんじゃないか☆？　
...(^▽^)さて、局面は☆？　：　一手指し終了　：　DebugText_Kyokumen7.C:\Users\むずでょ\Documents\GitHub\kifuwarabe-collection\Kifuwarabe_DenouT2\Sources\Entities\ApplicatedGame\Architecture\TreeDocument.cs.480
[7]データ目　葉＝[7]手目
　９　８　７　６　５　４　３　２　１
┏━┯━┯━┯━┯━┯━┯━┯━┯━┓
┃  ││││  │  │││┃一
┠─┼─┼─┼─┼─┼─┼─┼─┼─┨
┃││  ││  ││  ││  ┃二
┠─┼─┼─┼─┼─┼─┼─┼─┼─┨
┃│││││││と│┃三
┠─┼─┼─┼─┼─┼─┼─┼─┼─┨
┃  │  │  │  │  │  │  │  │  ┃四
┠─┼─┼─┼─┼─┼─┼─┼─┼─┨
┃  │  │  │  │  │  │  │  │  ┃五
┠─┼─┼─┼─┼─┼─┼─┼─┼─┨
┃  │  │  │  │  │  │  │  │  ┃六
┠─┼─┼─┼─┼─┼─┼─┼─┼─┨
┃歩│歩│歩│歩│歩│歩│歩│  │歩┃七
┠─┼─┼─┼─┼─┼─┼─┼─┼─┨
┃  │角│  │  │  │  │  │飛│  ┃八
┠─┼─┼─┼─┼─┼─┼─┼─┼─┨
┃香│桂│銀│金│王│金│銀│桂│香┃九
┗━┷━┷━┷━┷━┷━┷━┷━┷━┛
▽後手　持ち駒：
▲先手　持ち駒：歩
...(^▽^)ﾄﾞｳﾀﾞｯﾀｶﾅ～☆


一手指し開始　：　残りの符号つ「2c2b 8b8c 2b3a 5c5d 2h2b+」
一手指しが終わったぜ☆　ノードが追加されているんじゃないか☆？　
...(^▽^)さて、局面は☆？　：　一手指し終了　：　DebugText_Kyokumen7.C:\Users\むずでょ\Documents\GitHub\kifuwarabe-collection\Kifuwarabe_DenouT2\Sources\Entities\ApplicatedGame\Architecture\TreeDocument.cs.480
[8]データ目　葉＝[8]手目
　９　８　７　６　５　４　３　２　１
┏━┯━┯━┯━┯━┯━┯━┯━┯━┓
┃  ││││  │  │││┃一
┠─┼─┼─┼─┼─┼─┼─┼─┼─┨
┃││  ││  ││  ││  ┃二
┠─┼─┼─┼─┼─┼─┼─┼─┼─┨
┃│  ││││││と│┃三
┠─┼─┼─┼─┼─┼─┼─┼─┼─┨
┃  ││  │  │  │  │  │  │  ┃四
┠─┼─┼─┼─┼─┼─┼─┼─┼─┨
┃  │  │  │  │  │  │  │  │  ┃五
┠─┼─┼─┼─┼─┼─┼─┼─┼─┨
┃  │  │  │  │  │  │  │  │  ┃六
┠─┼─┼─┼─┼─┼─┼─┼─┼─┨
┃歩│歩│歩│歩│歩│歩│歩│  │歩┃七
┠─┼─┼─┼─┼─┼─┼─┼─┼─┨
┃  │角│  │  │  │  │  │飛│  ┃八
┠─┼─┼─┼─┼─┼─┼─┼─┼─┨
┃香│桂│銀│金│王│金│銀│桂│香┃九
┗━┷━┷━┷━┷━┷━┷━┷━┷━┛
▽後手　持ち駒：
▲先手　持ち駒：歩
...(^▽^)ﾄﾞｳﾀﾞｯﾀｶﾅ～☆


一手指し開始　：　残りの符号つ「8b8c 2b3a 5c5d 2h2b+」
リンクトリストの、最終ノードは差し替えられた hint=[KifuIO_Kifusasi52] item=[2c2b] memberName=[Kifusasi52_WhenKifuRead] sourceFilePath=[C:\Users\むずでょ\Documents\GitHub\kifuwarabe-collection\Kifuwarabe_DenouT2\Sources\Entities\UseCase\KifuIO.cs] sourceLineNumber=[482]
一手指しが終わったぜ☆　ノードが追加されているんじゃないか☆？　
...(^▽^)さて、局面は☆？　：　一手指し終了　：　DebugText_Kyokumen7.C:\Users\むずでょ\Documents\GitHub\kifuwarabe-collection\Kifuwarabe_DenouT2\Sources\Entities\ApplicatedGame\Architecture\TreeDocument.cs.480
[9]データ目　葉＝[9]手目
　９　８　７　６　５　４　３　２　１
┏━┯━┯━┯━┯━┯━┯━┯━┯━┓
┃  ││││  │  │││┃一
┠─┼─┼─┼─┼─┼─┼─┼─┼─┨
┃││  ││  ││  │と│  ┃二
┠─┼─┼─┼─┼─┼─┼─┼─┼─┨
┃│  ││││││  │┃三
┠─┼─┼─┼─┼─┼─┼─┼─┼─┨
┃  ││  │  │  │  │  │  │  ┃四
┠─┼─┼─┼─┼─┼─┼─┼─┼─┨
┃  │  │  │  │  │  │  │  │  ┃五
┠─┼─┼─┼─┼─┼─┼─┼─┼─┨
┃  │  │  │  │  │  │  │  │  ┃六
┠─┼─┼─┼─┼─┼─┼─┼─┼─┨
┃歩│歩│歩│歩│歩│歩│歩│  │歩┃七
┠─┼─┼─┼─┼─┼─┼─┼─┼─┨
┃  │角│  │  │  │  │  │飛│  ┃八
┠─┼─┼─┼─┼─┼─┼─┼─┼─┨
┃香│桂│銀│金│王│金│銀│桂│香┃九
┗━┷━┷━┷━┷━┷━┷━┷━┷━┛
▽後手　持ち駒：
▲先手　持ち駒：角歩
...(^▽^)ﾄﾞｳﾀﾞｯﾀｶﾅ～☆


一手指し開始　：　残りの符号つ「2b3a 5c5d 2h2b+」
一手指しが終わったぜ☆　ノードが追加されているんじゃないか☆？　
...(^▽^)さて、局面は☆？　：　一手指し終了　：　DebugText_Kyokumen7.C:\Users\むずでょ\Documents\GitHub\kifuwarabe-collection\Kifuwarabe_DenouT2\Sources\Entities\ApplicatedGame\Architecture\TreeDocument.cs.480
[10]データ目　葉＝[10]手目
　９　８　７　６　５　４　３　２　１
┏━┯━┯━┯━┯━┯━┯━┯━┯━┓
┃  ││││  │  │││┃一
┠─┼─┼─┼─┼─┼─┼─┼─┼─┨
┃│  │  ││  ││  │と│  ┃二
┠─┼─┼─┼─┼─┼─┼─┼─┼─┨
┃│││││││  │┃三
┠─┼─┼─┼─┼─┼─┼─┼─┼─┨
┃  ││  │  │  │  │  │  │  ┃四
┠─┼─┼─┼─┼─┼─┼─┼─┼─┨
┃  │  │  │  │  │  │  │  │  ┃五
┠─┼─┼─┼─┼─┼─┼─┼─┼─┨
┃  │  │  │  │  │  │  │  │  ┃六
┠─┼─┼─┼─┼─┼─┼─┼─┼─┨
┃歩│歩│歩│歩│歩│歩│歩│  │歩┃七
┠─┼─┼─┼─┼─┼─┼─┼─┼─┨
┃  │角│  │  │  │  │  │飛│  ┃八
┠─┼─┼─┼─┼─┼─┼─┼─┼─┨
┃香│桂│銀│金│王│金│銀│桂│香┃九
┗━┷━┷━┷━┷━┷━┷━┷━┷━┛
▽後手　持ち駒：
▲先手　持ち駒：角歩
...(^▽^)ﾄﾞｳﾀﾞｯﾀｶﾅ～☆


一手指し開始　：　残りの符号つ「5c5d 2h2b+」
リンクトリストの、最終ノードは差し替えられた hint=[KifuIO_Kifusasi52] item=[2b3a] memberName=[Kifusasi52_WhenKifuRead] sourceFilePath=[C:\Users\むずでょ\Documents\GitHub\kifuwarabe-collection\Kifuwarabe_DenouT2\Sources\Entities\UseCase\KifuIO.cs] sourceLineNumber=[482]
一手指しが終わったぜ☆　ノードが追加されているんじゃないか☆？　
...(^▽^)さて、局面は☆？　：　一手指し終了　：　DebugText_Kyokumen7.C:\Users\むずでょ\Documents\GitHub\kifuwarabe-collection\Kifuwarabe_DenouT2\Sources\Entities\ApplicatedGame\Architecture\TreeDocument.cs.480
[11]データ目　葉＝[11]手目
　９　８　７　６　５　４　３　２　１
┏━┯━┯━┯━┯━┯━┯━┯━┯━┓
┃  ││││  │  │と││┃一
┠─┼─┼─┼─┼─┼─┼─┼─┼─┨
┃│  │  ││  ││  │  │  ┃二
┠─┼─┼─┼─┼─┼─┼─┼─┼─┨
┃│││││││  │┃三
┠─┼─┼─┼─┼─┼─┼─┼─┼─┨
┃  ││  │  │  │  │  │  │  ┃四
┠─┼─┼─┼─┼─┼─┼─┼─┼─┨
┃  │  │  │  │  │  │  │  │  ┃五
┠─┼─┼─┼─┼─┼─┼─┼─┼─┨
┃  │  │  │  │  │  │  │  │  ┃六
┠─┼─┼─┼─┼─┼─┼─┼─┼─┨
┃歩│歩│歩│歩│歩│歩│歩│  │歩┃七
┠─┼─┼─┼─┼─┼─┼─┼─┼─┨
┃  │角│  │  │  │  │  │飛│  ┃八
┠─┼─┼─┼─┼─┼─┼─┼─┼─┨
┃香│桂│銀│金│王│金│銀│桂│香┃九
┗━┷━┷━┷━┷━┷━┷━┷━┷━┛
▽後手　持ち駒：
▲先手　持ち駒：角銀歩
...(^▽^)ﾄﾞｳﾀﾞｯﾀｶﾅ～☆


一手指し開始　：　残りの符号つ「2h2b+」
一手指しが終わったぜ☆　ノードが追加されているんじゃないか☆？　
...(^▽^)さて、局面は☆？　：　一手指し終了　：　DebugText_Kyokumen7.C:\Users\むずでょ\Documents\GitHub\kifuwarabe-collection\Kifuwarabe_DenouT2\Sources\Entities\ApplicatedGame\Architecture\TreeDocument.cs.480
[12]データ目　葉＝[12]手目
　９　８　７　６　５　４　３　２　１
┏━┯━┯━┯━┯━┯━┯━┯━┯━┓
┃  ││││  │  │と││┃一
┠─┼─┼─┼─┼─┼─┼─┼─┼─┨
┃│  │  ││  ││  │  │  ┃二
┠─┼─┼─┼─┼─┼─┼─┼─┼─┨
┃││││  │││  │┃三
┠─┼─┼─┼─┼─┼─┼─┼─┼─┨
┃  ││  │  ││  │  │  │  ┃四
┠─┼─┼─┼─┼─┼─┼─┼─┼─┨
┃  │  │  │  │  │  │  │  │  ┃五
┠─┼─┼─┼─┼─┼─┼─┼─┼─┨
┃  │  │  │  │  │  │  │  │  ┃六
┠─┼─┼─┼─┼─┼─┼─┼─┼─┨
┃歩│歩│歩│歩│歩│歩│歩│  │歩┃七
┠─┼─┼─┼─┼─┼─┼─┼─┼─┨
┃  │角│  │  │  │  │  │飛│  ┃八
┠─┼─┼─┼─┼─┼─┼─┼─┼─┨
┃香│桂│銀│金│王│金│銀│桂│香┃九
┗━┷━┷━┷━┷━┷━┷━┷━┷━┛
▽後手　持ち駒：
▲先手　持ち駒：角銀歩
...(^▽^)ﾄﾞｳﾀﾞｯﾀｶﾅ～☆


一手指し開始　：　残りの符号つ「」
一手指しが終わったぜ☆　ノードが追加されているんじゃないか☆？　
...(^▽^)さて、局面は☆？　：　一手指し終了　：　DebugText_Kyokumen7.C:\Users\むずでょ\Documents\GitHub\kifuwarabe-collection\Kifuwarabe_DenouT2\Sources\Entities\ApplicatedGame\Architecture\TreeDocument.cs.480
[13]データ目　葉＝[13]手目
　９　８　７　６　５　４　３　２　１
┏━┯━┯━┯━┯━┯━┯━┯━┯━┓
┃  ││││  │  │と││┃一
┠─┼─┼─┼─┼─┼─┼─┼─┼─┨
┃│  │  ││  ││  │竜│  ┃二
┠─┼─┼─┼─┼─┼─┼─┼─┼─┨
┃││││  │││  │┃三
┠─┼─┼─┼─┼─┼─┼─┼─┼─┨
┃  ││  │  ││  │  │  │  ┃四
┠─┼─┼─┼─┼─┼─┼─┼─┼─┨
┃  │  │  │  │  │  │  │  │  ┃五
┠─┼─┼─┼─┼─┼─┼─┼─┼─┨
┃  │  │  │  │  │  │  │  │  ┃六
┠─┼─┼─┼─┼─┼─┼─┼─┼─┨
┃歩│歩│歩│歩│歩│歩│歩│  │歩┃七
┠─┼─┼─┼─┼─┼─┼─┼─┼─┨
┃  │角│  │  │  │  │  │  │  ┃八
┠─┼─┼─┼─┼─┼─┼─┼─┼─┨
┃香│桂│銀│金│王│金│銀│桂│香┃九
┗━┷━┷━┷━┷━┷━┷━┷━┷━┛
▽後手　持ち駒：
▲先手　持ち駒：角銀歩
...(^▽^)ﾄﾞｳﾀﾞｯﾀｶﾅ～☆


（＾△＾）現局面まで進んだのかだぜ☆？
...(^▽^)さて、局面は☆？　：　棋譜パース　：　DebugText_Kyokumen7.C:\Users\むずでょ\Documents\GitHub\kifuwarabe-collection\Kifuwarabe_DenouT2\Sources\Entities\ApplicatedGame\Architecture\TreeDocument.cs.480
[13]データ目　葉＝[13]手目
　９　８　７　６　５　４　３　２　１
┏━┯━┯━┯━┯━┯━┯━┯━┯━┓
┃  ││││  │  │と││┃一
┠─┼─┼─┼─┼─┼─┼─┼─┼─┨
┃│  │  ││  ││  │竜│  ┃二
┠─┼─┼─┼─┼─┼─┼─┼─┼─┨
┃││││  │││  │┃三
┠─┼─┼─┼─┼─┼─┼─┼─┼─┨
┃  ││  │  ││  │  │  │  ┃四
┠─┼─┼─┼─┼─┼─┼─┼─┼─┨
┃  │  │  │  │  │  │  │  │  ┃五
┠─┼─┼─┼─┼─┼─┼─┼─┼─┨
┃  │  │  │  │  │  │  │  │  ┃六
┠─┼─┼─┼─┼─┼─┼─┼─┼─┨
┃歩│歩│歩│歩│歩│歩│歩│  │歩┃七
┠─┼─┼─┼─┼─┼─┼─┼─┼─┨
┃  │角│  │  │  │  │  │  │  ┃八
┠─┼─┼─┼─┼─┼─┼─┼─┼─┨
┃香│桂│銀│金│王│金│銀│桂│香┃九
┗━┷━┷━┷━┷━┷━┷━┷━┷━┛
▽後手　持ち駒：
▲先手　持ち駒：角銀歩
...(^▽^)ﾄﾞｳﾀﾞｯﾀｶﾅ～☆


平手局面にセットしたぜ☆
...(^▽^)さて、局面は☆？　：　現局面になっているのかなんだぜ☆？　line=[position startpos moves 2g2f 4a4b 2f2e 9a9b 2e2d 5a6b 2d2c+ 8c8d 2c2b 8b8c 2b3a 5c5d 2h2b+]　棋譜＝position startpos moves ▲２六歩△４二金▲２五歩△９二香▲２四歩△６二王▲２三歩成△８四歩▲２二と△８三飛▲３一と△５四歩▲２二飛成　：　DebugText_Kyokumen7.C:\Users\むずでょ\Documents\GitHub\kifuwarabe-collection\Kifuwarabe_DenouT2\Sources\Entities\ApplicatedGame\Architecture\TreeDocument.cs.480
[13]データ目　葉＝[13]手目
　９　８　７　６　５　４　３　２　１
┏━┯━┯━┯━┯━┯━┯━┯━┯━┓
┃  ││││  │  │と││┃一
┠─┼─┼─┼─┼─┼─┼─┼─┼─┨
┃│  │  ││  ││  │竜│  ┃二
┠─┼─┼─┼─┼─┼─┼─┼─┼─┨
┃││││  │││  │┃三
┠─┼─┼─┼─┼─┼─┼─┼─┼─┨
┃  ││  │  ││  │  │  │  ┃四
┠─┼─┼─┼─┼─┼─┼─┼─┼─┨
┃  │  │  │  │  │  │  │  │  ┃五
┠─┼─┼─┼─┼─┼─┼─┼─┼─┨
┃  │  │  │  │  │  │  │  │  ┃六
┠─┼─┼─┼─┼─┼─┼─┼─┼─┨
┃歩│歩│歩│歩│歩│歩│歩│  │歩┃七
┠─┼─┼─┼─┼─┼─┼─┼─┼─┨
┃  │角│  │  │  │  │  │  │  ┃八
┠─┼─┼─┼─┼─┼─┼─┼─┼─┨
┃香│桂│銀│金│王│金│銀│桂│香┃九
┗━┷━┷━┷━┷━┷━┷━┷━┷━┛
▽後手　持ち駒：
▲先手　持ち駒：角銀歩
...(^▽^)ﾄﾞｳﾀﾞｯﾀｶﾅ～☆


将棋サーバー「13手目、きふわらべ　さんの手番ですよ！」　go btime 307000 wtime 306000 binc 2000 winc 2000
平手局面にセットしたぜ☆
(Warabe)指し手のチョイス： bestmove＝[6a7b]　先後=[Gote]　棋譜＝position startpos moves ▲２六歩△４二金▲２五歩△９二香▲２四歩△６二王▲２三歩成△８四歩▲２二と△８三飛▲３一と△５四歩▲２二飛成
 ...
    ...
       ...
（＾△＾）positionきたｺﾚ！
（＾△＾）positionきたｺﾚ！　line=[position startpos moves 2g2f 4a4b 2f2e 9a9b 2e2d 5a6b 2d2c+ 8c8d 2c2b 8b8c 2b3a 5c5d 2h2b+ 6a7b 2b4b]
┏━━━━━━━━━━┓
わたしは　KifuParserA_StateA0_Document　の　Execute_All　だぜ☆　：　呼出箇所＝Main.C:\Users\むずでょ\Documents\GitHub\kifuwarabe-collection\Kifuwarabe_DenouT2\Sources\Engine\Program.cs.673
（＾△＾）「position startpos moves 2g2f 4a4b 2f2e 9a9b 2e2d 5a6b 2d2c+ 8c8d 2c2b 8b8c 2b3a 5c5d 2h2b+ 6a7b 2b4b」vs【KifuParserA_StateA0_Document】　：　ﾌﾑﾌﾑ... SFEN形式か...☆
（＾△＾）「startpos moves 2g2f 4a4b 2f2e 9a9b 2e2d 5a6b 2d2c+ 8c8d 2c2b 8b8c 2b3a 5c5d 2h2b+ 6a7b 2b4b」vs【KifuParserA_StateA1_SfenPosition】　：　平手のようなんだぜ☆
平手局面にセットしたぜ☆
（＾△＾）「moves 2g2f 4a4b 2f2e 9a9b 2e2d 5a6b 2d2c+ 8c8d 2c2b 8b8c 2b3a 5c5d 2h2b+ 6a7b 2b4b」vs【KifuParserA_StateA1a_SfenStartpos】　：　ｳﾑ☆　moves 分かるぜ☆
一手指し開始　：　残りの符号つ「4a4b 2f2e 9a9b 2e2d 5a6b 2d2c+ 8c8d 2c2b 8b8c 2b3a 5c5d 2h2b+ 6a7b 2b4b」
一手指しが終わったぜ☆　ノードが追加されているんじゃないか☆？　
...(^▽^)さて、局面は☆？　：　一手指し終了　：　DebugText_Kyokumen7.C:\Users\むずでょ\Documents\GitHub\kifuwarabe-collection\Kifuwarabe_DenouT2\Sources\Entities\ApplicatedGame\Architecture\TreeDocument.cs.480
[1]データ目　葉＝[1]手目
　９　８　７　６　５　４　３　２　１
┏━┯━┯━┯━┯━┯━┯━┯━┯━┓
┃││││││││┃一
┠─┼─┼─┼─┼─┼─┼─┼─┼─┨
┃  ││  │  │  │  │  ││  ┃二
┠─┼─┼─┼─┼─┼─┼─┼─┼─┨
┃││││││││┃三
┠─┼─┼─┼─┼─┼─┼─┼─┼─┨
┃  │  │  │  │  │  │  │  │  ┃四
┠─┼─┼─┼─┼─┼─┼─┼─┼─┨
┃  │  │  │  │  │  │  │  │  ┃五
┠─┼─┼─┼─┼─┼─┼─┼─┼─┨
┃  │  │  │  │  │  │  │歩│  ┃六
┠─┼─┼─┼─┼─┼─┼─┼─┼─┨
┃歩│歩│歩│歩│歩│歩│歩│  │歩┃七
┠─┼─┼─┼─┼─┼─┼─┼─┼─┨
┃  │角│  │  │  │  │  │飛│  ┃八
┠─┼─┼─┼─┼─┼─┼─┼─┼─┨
┃香│桂│銀│金│王│金│銀│桂│香┃九
┗━┷━┷━┷━┷━┷━┷━┷━┷━┛
▽後手　持ち駒：
▲先手　持ち駒：
...(^▽^)ﾄﾞｳﾀﾞｯﾀｶﾅ～☆


一手指し開始　：　残りの符号つ「2f2e 9a9b 2e2d 5a6b 2d2c+ 8c8d 2c2b 8b8c 2b3a 5c5d 2h2b+ 6a7b 2b4b」
一手指しが終わったぜ☆　ノードが追加されているんじゃないか☆？　
...(^▽^)さて、局面は☆？　：　一手指し終了　：　DebugText_Kyokumen7.C:\Users\むずでょ\Documents\GitHub\kifuwarabe-collection\Kifuwarabe_DenouT2\Sources\Entities\ApplicatedGame\Architecture\TreeDocument.cs.480
[2]データ目　葉＝[2]手目
　９　８　７　６　５　４　３　２　１
┏━┯━┯━┯━┯━┯━┯━┯━┯━┓
┃│││││  │││┃一
┠─┼─┼─┼─┼─┼─┼─┼─┼─┨
┃  ││  │  │  ││  ││  ┃二
┠─┼─┼─┼─┼─┼─┼─┼─┼─┨
┃││││││││┃三
┠─┼─┼─┼─┼─┼─┼─┼─┼─┨
┃  │  │  │  │  │  │  │  │  ┃四
┠─┼─┼─┼─┼─┼─┼─┼─┼─┨
┃  │  │  │  │  │  │  │  │  ┃五
┠─┼─┼─┼─┼─┼─┼─┼─┼─┨
┃  │  │  │  │  │  │  │歩│  ┃六
┠─┼─┼─┼─┼─┼─┼─┼─┼─┨
┃歩│歩│歩│歩│歩│歩│歩│  │歩┃七
┠─┼─┼─┼─┼─┼─┼─┼─┼─┨
┃  │角│  │  │  │  │  │飛│  ┃八
┠─┼─┼─┼─┼─┼─┼─┼─┼─┨
┃香│桂│銀│金│王│金│銀│桂│香┃九
┗━┷━┷━┷━┷━┷━┷━┷━┷━┛
▽後手　持ち駒：
▲先手　持ち駒：
...(^▽^)ﾄﾞｳﾀﾞｯﾀｶﾅ～☆


一手指し開始　：　残りの符号つ「9a9b 2e2d 5a6b 2d2c+ 8c8d 2c2b 8b8c 2b3a 5c5d 2h2b+ 6a7b 2b4b」
一手指しが終わったぜ☆　ノードが追加されているんじゃないか☆？　
...(^▽^)さて、局面は☆？　：　一手指し終了　：　DebugText_Kyokumen7.C:\Users\むずでょ\Documents\GitHub\kifuwarabe-collection\Kifuwarabe_DenouT2\Sources\Entities\ApplicatedGame\Architecture\TreeDocument.cs.480
[3]データ目　葉＝[3]手目
　９　８　７　６　５　４　３　２　１
┏━┯━┯━┯━┯━┯━┯━┯━┯━┓
┃│││││  │││┃一
┠─┼─┼─┼─┼─┼─┼─┼─┼─┨
┃  ││  │  │  ││  ││  ┃二
┠─┼─┼─┼─┼─┼─┼─┼─┼─┨
┃││││││││┃三
┠─┼─┼─┼─┼─┼─┼─┼─┼─┨
┃  │  │  │  │  │  │  │  │  ┃四
┠─┼─┼─┼─┼─┼─┼─┼─┼─┨
┃  │  │  │  │  │  │  │歩│  ┃五
┠─┼─┼─┼─┼─┼─┼─┼─┼─┨
┃  │  │  │  │  │  │  │  │  ┃六
┠─┼─┼─┼─┼─┼─┼─┼─┼─┨
┃歩│歩│歩│歩│歩│歩│歩│  │歩┃七
┠─┼─┼─┼─┼─┼─┼─┼─┼─┨
┃  │角│  │  │  │  │  │飛│  ┃八
┠─┼─┼─┼─┼─┼─┼─┼─┼─┨
┃香│桂│銀│金│王│金│銀│桂│香┃九
┗━┷━┷━┷━┷━┷━┷━┷━┷━┛
▽後手　持ち駒：
▲先手　持ち駒：
...(^▽^)ﾄﾞｳﾀﾞｯﾀｶﾅ～☆


一手指し開始　：　残りの符号つ「2e2d 5a6b 2d2c+ 8c8d 2c2b 8b8c 2b3a 5c5d 2h2b+ 6a7b 2b4b」
一手指しが終わったぜ☆　ノードが追加されているんじゃないか☆？　
...(^▽^)さて、局面は☆？　：　一手指し終了　：　DebugText_Kyokumen7.C:\Users\むずでょ\Documents\GitHub\kifuwarabe-collection\Kifuwarabe_DenouT2\Sources\Entities\ApplicatedGame\Architecture\TreeDocument.cs.480
[4]データ目　葉＝[4]手目
　９　８　７　６　５　４　３　２　１
┏━┯━┯━┯━┯━┯━┯━┯━┯━┓
┃  │││││  │││┃一
┠─┼─┼─┼─┼─┼─┼─┼─┼─┨
┃││  │  │  ││  ││  ┃二
┠─┼─┼─┼─┼─┼─┼─┼─┼─┨
┃││││││││┃三
┠─┼─┼─┼─┼─┼─┼─┼─┼─┨
┃  │  │  │  │  │  │  │  │  ┃四
┠─┼─┼─┼─┼─┼─┼─┼─┼─┨
┃  │  │  │  │  │  │  │歩│  ┃五
┠─┼─┼─┼─┼─┼─┼─┼─┼─┨
┃  │  │  │  │  │  │  │  │  ┃六
┠─┼─┼─┼─┼─┼─┼─┼─┼─┨
┃歩│歩│歩│歩│歩│歩│歩│  │歩┃七
┠─┼─┼─┼─┼─┼─┼─┼─┼─┨
┃  │角│  │  │  │  │  │飛│  ┃八
┠─┼─┼─┼─┼─┼─┼─┼─┼─┨
┃香│桂│銀│金│王│金│銀│桂│香┃九
┗━┷━┷━┷━┷━┷━┷━┷━┷━┛
▽後手　持ち駒：
▲先手　持ち駒：
...(^▽^)ﾄﾞｳﾀﾞｯﾀｶﾅ～☆


一手指し開始　：　残りの符号つ「5a6b 2d2c+ 8c8d 2c2b 8b8c 2b3a 5c5d 2h2b+ 6a7b 2b4b」
一手指しが終わったぜ☆　ノードが追加されているんじゃないか☆？　
...(^▽^)さて、局面は☆？　：　一手指し終了　：　DebugText_Kyokumen7.C:\Users\むずでょ\Documents\GitHub\kifuwarabe-collection\Kifuwarabe_DenouT2\Sources\Entities\ApplicatedGame\Architecture\TreeDocument.cs.480
[5]データ目　葉＝[5]手目
　９　８　７　６　５　４　３　２　１
┏━┯━┯━┯━┯━┯━┯━┯━┯━┓
┃  │││││  │││┃一
┠─┼─┼─┼─┼─┼─┼─┼─┼─┨
┃││  │  │  ││  ││  ┃二
┠─┼─┼─┼─┼─┼─┼─┼─┼─┨
┃││││││││┃三
┠─┼─┼─┼─┼─┼─┼─┼─┼─┨
┃  │  │  │  │  │  │  │歩│  ┃四
┠─┼─┼─┼─┼─┼─┼─┼─┼─┨
┃  │  │  │  │  │  │  │  │  ┃五
┠─┼─┼─┼─┼─┼─┼─┼─┼─┨
┃  │  │  │  │  │  │  │  │  ┃六
┠─┼─┼─┼─┼─┼─┼─┼─┼─┨
┃歩│歩│歩│歩│歩│歩│歩│  │歩┃七
┠─┼─┼─┼─┼─┼─┼─┼─┼─┨
┃  │角│  │  │  │  │  │飛│  ┃八
┠─┼─┼─┼─┼─┼─┼─┼─┼─┨
┃香│桂│銀│金│王│金│銀│桂│香┃九
┗━┷━┷━┷━┷━┷━┷━┷━┷━┛
▽後手　持ち駒：
▲先手　持ち駒：
...(^▽^)ﾄﾞｳﾀﾞｯﾀｶﾅ～☆


一手指し開始　：　残りの符号つ「2d2c+ 8c8d 2c2b 8b8c 2b3a 5c5d 2h2b+ 6a7b 2b4b」
一手指しが終わったぜ☆　ノードが追加されているんじゃないか☆？　
...(^▽^)さて、局面は☆？　：　一手指し終了　：　DebugText_Kyokumen7.C:\Users\むずでょ\Documents\GitHub\kifuwarabe-collection\Kifuwarabe_DenouT2\Sources\Entities\ApplicatedGame\Architecture\TreeDocument.cs.480
[6]データ目　葉＝[6]手目
　９　８　７　６　５　４　３　２　１
┏━┯━┯━┯━┯━┯━┯━┯━┯━┓
┃  ││││  │  │││┃一
┠─┼─┼─┼─┼─┼─┼─┼─┼─┨
┃││  ││  ││  ││  ┃二
┠─┼─┼─┼─┼─┼─┼─┼─┼─┨
┃││││││││┃三
┠─┼─┼─┼─┼─┼─┼─┼─┼─┨
┃  │  │  │  │  │  │  │歩│  ┃四
┠─┼─┼─┼─┼─┼─┼─┼─┼─┨
┃  │  │  │  │  │  │  │  │  ┃五
┠─┼─┼─┼─┼─┼─┼─┼─┼─┨
┃  │  │  │  │  │  │  │  │  ┃六
┠─┼─┼─┼─┼─┼─┼─┼─┼─┨
┃歩│歩│歩│歩│歩│歩│歩│  │歩┃七
┠─┼─┼─┼─┼─┼─┼─┼─┼─┨
┃  │角│  │  │  │  │  │飛│  ┃八
┠─┼─┼─┼─┼─┼─┼─┼─┼─┨
┃香│桂│銀│金│王│金│銀│桂│香┃九
┗━┷━┷━┷━┷━┷━┷━┷━┷━┛
▽後手　持ち駒：
▲先手　持ち駒：
...(^▽^)ﾄﾞｳﾀﾞｯﾀｶﾅ～☆


一手指し開始　：　残りの符号つ「8c8d 2c2b 8b8c 2b3a 5c5d 2h2b+ 6a7b 2b4b」
リンクトリストの、最終ノードは差し替えられた hint=[KifuIO_Kifusasi52] item=[2d2c+] memberName=[Kifusasi52_WhenKifuRead] sourceFilePath=[C:\Users\むずでょ\Documents\GitHub\kifuwarabe-collection\Kifuwarabe_DenouT2\Sources\Entities\UseCase\KifuIO.cs] sourceLineNumber=[482]
一手指しが終わったぜ☆　ノードが追加されているんじゃないか☆？　
...(^▽^)さて、局面は☆？　：　一手指し終了　：　DebugText_Kyokumen7.C:\Users\むずでょ\Documents\GitHub\kifuwarabe-collection\Kifuwarabe_DenouT2\Sources\Entities\ApplicatedGame\Architecture\TreeDocument.cs.480
[7]データ目　葉＝[7]手目
　９　８　７　６　５　４　３　２　１
┏━┯━┯━┯━┯━┯━┯━┯━┯━┓
┃  ││││  │  │││┃一
┠─┼─┼─┼─┼─┼─┼─┼─┼─┨
┃││  ││  ││  ││  ┃二
┠─┼─┼─┼─┼─┼─┼─┼─┼─┨
┃│││││││と│┃三
┠─┼─┼─┼─┼─┼─┼─┼─┼─┨
┃  │  │  │  │  │  │  │  │  ┃四
┠─┼─┼─┼─┼─┼─┼─┼─┼─┨
┃  │  │  │  │  │  │  │  │  ┃五
┠─┼─┼─┼─┼─┼─┼─┼─┼─┨
┃  │  │  │  │  │  │  │  │  ┃六
┠─┼─┼─┼─┼─┼─┼─┼─┼─┨
┃歩│歩│歩│歩│歩│歩│歩│  │歩┃七
┠─┼─┼─┼─┼─┼─┼─┼─┼─┨
┃  │角│  │  │  │  │  │飛│  ┃八
┠─┼─┼─┼─┼─┼─┼─┼─┼─┨
┃香│桂│銀│金│王│金│銀│桂│香┃九
┗━┷━┷━┷━┷━┷━┷━┷━┷━┛
▽後手　持ち駒：
▲先手　持ち駒：歩
...(^▽^)ﾄﾞｳﾀﾞｯﾀｶﾅ～☆


一手指し開始　：　残りの符号つ「2c2b 8b8c 2b3a 5c5d 2h2b+ 6a7b 2b4b」
一手指しが終わったぜ☆　ノードが追加されているんじゃないか☆？　
...(^▽^)さて、局面は☆？　：　一手指し終了　：　DebugText_Kyokumen7.C:\Users\むずでょ\Documents\GitHub\kifuwarabe-collection\Kifuwarabe_DenouT2\Sources\Entities\ApplicatedGame\Architecture\TreeDocument.cs.480
[8]データ目　葉＝[8]手目
　９　８　７　６　５　４　３　２　１
┏━┯━┯━┯━┯━┯━┯━┯━┯━┓
┃  ││││  │  │││┃一
┠─┼─┼─┼─┼─┼─┼─┼─┼─┨
┃││  ││  ││  ││  ┃二
┠─┼─┼─┼─┼─┼─┼─┼─┼─┨
┃│  ││││││と│┃三
┠─┼─┼─┼─┼─┼─┼─┼─┼─┨
┃  ││  │  │  │  │  │  │  ┃四
┠─┼─┼─┼─┼─┼─┼─┼─┼─┨
┃  │  │  │  │  │  │  │  │  ┃五
┠─┼─┼─┼─┼─┼─┼─┼─┼─┨
┃  │  │  │  │  │  │  │  │  ┃六
┠─┼─┼─┼─┼─┼─┼─┼─┼─┨
┃歩│歩│歩│歩│歩│歩│歩│  │歩┃七
┠─┼─┼─┼─┼─┼─┼─┼─┼─┨
┃  │角│  │  │  │  │  │飛│  ┃八
┠─┼─┼─┼─┼─┼─┼─┼─┼─┨
┃香│桂│銀│金│王│金│銀│桂│香┃九
┗━┷━┷━┷━┷━┷━┷━┷━┷━┛
▽後手　持ち駒：
▲先手　持ち駒：歩
...(^▽^)ﾄﾞｳﾀﾞｯﾀｶﾅ～☆


一手指し開始　：　残りの符号つ「8b8c 2b3a 5c5d 2h2b+ 6a7b 2b4b」
リンクトリストの、最終ノードは差し替えられた hint=[KifuIO_Kifusasi52] item=[2c2b] memberName=[Kifusasi52_WhenKifuRead] sourceFilePath=[C:\Users\むずでょ\Documents\GitHub\kifuwarabe-collection\Kifuwarabe_DenouT2\Sources\Entities\UseCase\KifuIO.cs] sourceLineNumber=[482]
一手指しが終わったぜ☆　ノードが追加されているんじゃないか☆？　
...(^▽^)さて、局面は☆？　：　一手指し終了　：　DebugText_Kyokumen7.C:\Users\むずでょ\Documents\GitHub\kifuwarabe-collection\Kifuwarabe_DenouT2\Sources\Entities\ApplicatedGame\Architecture\TreeDocument.cs.480
[9]データ目　葉＝[9]手目
　９　８　７　６　５　４　３　２　１
┏━┯━┯━┯━┯━┯━┯━┯━┯━┓
┃  ││││  │  │││┃一
┠─┼─┼─┼─┼─┼─┼─┼─┼─┨
┃││  ││  ││  │と│  ┃二
┠─┼─┼─┼─┼─┼─┼─┼─┼─┨
┃│  ││││││  │┃三
┠─┼─┼─┼─┼─┼─┼─┼─┼─┨
┃  ││  │  │  │  │  │  │  ┃四
┠─┼─┼─┼─┼─┼─┼─┼─┼─┨
┃  │  │  │  │  │  │  │  │  ┃五
┠─┼─┼─┼─┼─┼─┼─┼─┼─┨
┃  │  │  │  │  │  │  │  │  ┃六
┠─┼─┼─┼─┼─┼─┼─┼─┼─┨
┃歩│歩│歩│歩│歩│歩│歩│  │歩┃七
┠─┼─┼─┼─┼─┼─┼─┼─┼─┨
┃  │角│  │  │  │  │  │飛│  ┃八
┠─┼─┼─┼─┼─┼─┼─┼─┼─┨
┃香│桂│銀│金│王│金│銀│桂│香┃九
┗━┷━┷━┷━┷━┷━┷━┷━┷━┛
▽後手　持ち駒：
▲先手　持ち駒：角歩
...(^▽^)ﾄﾞｳﾀﾞｯﾀｶﾅ～☆


一手指し開始　：　残りの符号つ「2b3a 5c5d 2h2b+ 6a7b 2b4b」
一手指しが終わったぜ☆　ノードが追加されているんじゃないか☆？　
...(^▽^)さて、局面は☆？　：　一手指し終了　：　DebugText_Kyokumen7.C:\Users\むずでょ\Documents\GitHub\kifuwarabe-collection\Kifuwarabe_DenouT2\Sources\Entities\ApplicatedGame\Architecture\TreeDocument.cs.480
[10]データ目　葉＝[10]手目
　９　８　７　６　５　４　３　２　１
┏━┯━┯━┯━┯━┯━┯━┯━┯━┓
┃  ││││  │  │││┃一
┠─┼─┼─┼─┼─┼─┼─┼─┼─┨
┃│  │  ││  ││  │と│  ┃二
┠─┼─┼─┼─┼─┼─┼─┼─┼─┨
┃│││││││  │┃三
┠─┼─┼─┼─┼─┼─┼─┼─┼─┨
┃  ││  │  │  │  │  │  │  ┃四
┠─┼─┼─┼─┼─┼─┼─┼─┼─┨
┃  │  │  │  │  │  │  │  │  ┃五
┠─┼─┼─┼─┼─┼─┼─┼─┼─┨
┃  │  │  │  │  │  │  │  │  ┃六
┠─┼─┼─┼─┼─┼─┼─┼─┼─┨
┃歩│歩│歩│歩│歩│歩│歩│  │歩┃七
┠─┼─┼─┼─┼─┼─┼─┼─┼─┨
┃  │角│  │  │  │  │  │飛│  ┃八
┠─┼─┼─┼─┼─┼─┼─┼─┼─┨
┃香│桂│銀│金│王│金│銀│桂│香┃九
┗━┷━┷━┷━┷━┷━┷━┷━┷━┛
▽後手　持ち駒：
▲先手　持ち駒：角歩
...(^▽^)ﾄﾞｳﾀﾞｯﾀｶﾅ～☆


一手指し開始　：　残りの符号つ「5c5d 2h2b+ 6a7b 2b4b」
リンクトリストの、最終ノードは差し替えられた hint=[KifuIO_Kifusasi52] item=[2b3a] memberName=[Kifusasi52_WhenKifuRead] sourceFilePath=[C:\Users\むずでょ\Documents\GitHub\kifuwarabe-collection\Kifuwarabe_DenouT2\Sources\Entities\UseCase\KifuIO.cs] sourceLineNumber=[482]
一手指しが終わったぜ☆　ノードが追加されているんじゃないか☆？　
...(^▽^)さて、局面は☆？　：　一手指し終了　：　DebugText_Kyokumen7.C:\Users\むずでょ\Documents\GitHub\kifuwarabe-collection\Kifuwarabe_DenouT2\Sources\Entities\ApplicatedGame\Architecture\TreeDocument.cs.480
[11]データ目　葉＝[11]手目
　９　８　７　６　５　４　３　２　１
┏━┯━┯━┯━┯━┯━┯━┯━┯━┓
┃  ││││  │  │と││┃一
┠─┼─┼─┼─┼─┼─┼─┼─┼─┨
┃│  │  ││  ││  │  │  ┃二
┠─┼─┼─┼─┼─┼─┼─┼─┼─┨
┃│││││││  │┃三
┠─┼─┼─┼─┼─┼─┼─┼─┼─┨
┃  ││  │  │  │  │  │  │  ┃四
┠─┼─┼─┼─┼─┼─┼─┼─┼─┨
┃  │  │  │  │  │  │  │  │  ┃五
┠─┼─┼─┼─┼─┼─┼─┼─┼─┨
┃  │  │  │  │  │  │  │  │  ┃六
┠─┼─┼─┼─┼─┼─┼─┼─┼─┨
┃歩│歩│歩│歩│歩│歩│歩│  │歩┃七
┠─┼─┼─┼─┼─┼─┼─┼─┼─┨
┃  │角│  │  │  │  │  │飛│  ┃八
┠─┼─┼─┼─┼─┼─┼─┼─┼─┨
┃香│桂│銀│金│王│金│銀│桂│香┃九
┗━┷━┷━┷━┷━┷━┷━┷━┷━┛
▽後手　持ち駒：
▲先手　持ち駒：角銀歩
...(^▽^)ﾄﾞｳﾀﾞｯﾀｶﾅ～☆


一手指し開始　：　残りの符号つ「2h2b+ 6a7b 2b4b」
一手指しが終わったぜ☆　ノードが追加されているんじゃないか☆？　
...(^▽^)さて、局面は☆？　：　一手指し終了　：　DebugText_Kyokumen7.C:\Users\むずでょ\Documents\GitHub\kifuwarabe-collection\Kifuwarabe_DenouT2\Sources\Entities\ApplicatedGame\Architecture\TreeDocument.cs.480
[12]データ目　葉＝[12]手目
　９　８　７　６　５　４　３　２　１
┏━┯━┯━┯━┯━┯━┯━┯━┯━┓
┃  ││││  │  │と││┃一
┠─┼─┼─┼─┼─┼─┼─┼─┼─┨
┃│  │  ││  ││  │  │  ┃二
┠─┼─┼─┼─┼─┼─┼─┼─┼─┨
┃││││  │││  │┃三
┠─┼─┼─┼─┼─┼─┼─┼─┼─┨
┃  ││  │  ││  │  │  │  ┃四
┠─┼─┼─┼─┼─┼─┼─┼─┼─┨
┃  │  │  │  │  │  │  │  │  ┃五
┠─┼─┼─┼─┼─┼─┼─┼─┼─┨
┃  │  │  │  │  │  │  │  │  ┃六
┠─┼─┼─┼─┼─┼─┼─┼─┼─┨
┃歩│歩│歩│歩│歩│歩│歩│  │歩┃七
┠─┼─┼─┼─┼─┼─┼─┼─┼─┨
┃  │角│  │  │  │  │  │飛│  ┃八
┠─┼─┼─┼─┼─┼─┼─┼─┼─┨
┃香│桂│銀│金│王│金│銀│桂│香┃九
┗━┷━┷━┷━┷━┷━┷━┷━┷━┛
▽後手　持ち駒：
▲先手　持ち駒：角銀歩
...(^▽^)ﾄﾞｳﾀﾞｯﾀｶﾅ～☆


一手指し開始　：　残りの符号つ「6a7b 2b4b」
一手指しが終わったぜ☆　ノードが追加されているんじゃないか☆？　
...(^▽^)さて、局面は☆？　：　一手指し終了　：　DebugText_Kyokumen7.C:\Users\むずでょ\Documents\GitHub\kifuwarabe-collection\Kifuwarabe_DenouT2\Sources\Entities\ApplicatedGame\Architecture\TreeDocument.cs.480
[13]データ目　葉＝[13]手目
　９　８　７　６　５　４　３　２　１
┏━┯━┯━┯━┯━┯━┯━┯━┯━┓
┃  ││││  │  │と││┃一
┠─┼─┼─┼─┼─┼─┼─┼─┼─┨
┃│  │  ││  ││  │竜│  ┃二
┠─┼─┼─┼─┼─┼─┼─┼─┼─┨
┃││││  │││  │┃三
┠─┼─┼─┼─┼─┼─┼─┼─┼─┨
┃  ││  │  ││  │  │  │  ┃四
┠─┼─┼─┼─┼─┼─┼─┼─┼─┨
┃  │  │  │  │  │  │  │  │  ┃五
┠─┼─┼─┼─┼─┼─┼─┼─┼─┨
┃  │  │  │  │  │  │  │  │  ┃六
┠─┼─┼─┼─┼─┼─┼─┼─┼─┨
┃歩│歩│歩│歩│歩│歩│歩│  │歩┃七
┠─┼─┼─┼─┼─┼─┼─┼─┼─┨
┃  │角│  │  │  │  │  │  │  ┃八
┠─┼─┼─┼─┼─┼─┼─┼─┼─┨
┃香│桂│銀│金│王│金│銀│桂│香┃九
┗━┷━┷━┷━┷━┷━┷━┷━┷━┛
▽後手　持ち駒：
▲先手　持ち駒：角銀歩
...(^▽^)ﾄﾞｳﾀﾞｯﾀｶﾅ～☆


一手指し開始　：　残りの符号つ「2b4b」
一手指しが終わったぜ☆　ノードが追加されているんじゃないか☆？　
...(^▽^)さて、局面は☆？　：　一手指し終了　：　DebugText_Kyokumen7.C:\Users\むずでょ\Documents\GitHub\kifuwarabe-collection\Kifuwarabe_DenouT2\Sources\Entities\ApplicatedGame\Architecture\TreeDocument.cs.480
[14]データ目　葉＝[14]手目
　９　８　７　６　５　４　３　２　１
┏━┯━┯━┯━┯━┯━┯━┯━┯━┓
┃  │││  │  │  │と││┃一
┠─┼─┼─┼─┼─┼─┼─┼─┼─┨
┃│  │││  ││  │竜│  ┃二
┠─┼─┼─┼─┼─┼─┼─┼─┼─┨
┃││││  │││  │┃三
┠─┼─┼─┼─┼─┼─┼─┼─┼─┨
┃  ││  │  ││  │  │  │  ┃四
┠─┼─┼─┼─┼─┼─┼─┼─┼─┨
┃  │  │  │  │  │  │  │  │  ┃五
┠─┼─┼─┼─┼─┼─┼─┼─┼─┨
┃  │  │  │  │  │  │  │  │  ┃六
┠─┼─┼─┼─┼─┼─┼─┼─┼─┨
┃歩│歩│歩│歩│歩│歩│歩│  │歩┃七
┠─┼─┼─┼─┼─┼─┼─┼─┼─┨
┃  │角│  │  │  │  │  │  │  ┃八
┠─┼─┼─┼─┼─┼─┼─┼─┼─┨
┃香│桂│銀│金│王│金│銀│桂│香┃九
┗━┷━┷━┷━┷━┷━┷━┷━┷━┛
▽後手　持ち駒：
▲先手　持ち駒：角銀歩
...(^▽^)ﾄﾞｳﾀﾞｯﾀｶﾅ～☆


一手指し開始　：　残りの符号つ「」
リンクトリストの、最終ノードは差し替えられた hint=[KifuIO_Kifusasi52] item=[2b4b] memberName=[Kifusasi52_WhenKifuRead] sourceFilePath=[C:\Users\むずでょ\Documents\GitHub\kifuwarabe-collection\Kifuwarabe_DenouT2\Sources\Entities\UseCase\KifuIO.cs] sourceLineNumber=[482]
一手指しが終わったぜ☆　ノードが追加されているんじゃないか☆？　
...(^▽^)さて、局面は☆？　：　一手指し終了　：　DebugText_Kyokumen7.C:\Users\むずでょ\Documents\GitHub\kifuwarabe-collection\Kifuwarabe_DenouT2\Sources\Entities\ApplicatedGame\Architecture\TreeDocument.cs.480
[15]データ目　葉＝[15]手目
　９　８　７　６　５　４　３　２　１
┏━┯━┯━┯━┯━┯━┯━┯━┯━┓
┃  │││  │  │  │と││┃一
┠─┼─┼─┼─┼─┼─┼─┼─┼─┨
┃│  │││  │竜│  │  │  ┃二
┠─┼─┼─┼─┼─┼─┼─┼─┼─┨
┃││││  │││  │┃三
┠─┼─┼─┼─┼─┼─┼─┼─┼─┨
┃  ││  │  ││  │  │  │  ┃四
┠─┼─┼─┼─┼─┼─┼─┼─┼─┨
┃  │  │  │  │  │  │  │  │  ┃五
┠─┼─┼─┼─┼─┼─┼─┼─┼─┨
┃  │  │  │  │  │  │  │  │  ┃六
┠─┼─┼─┼─┼─┼─┼─┼─┼─┨
┃歩│歩│歩│歩│歩│歩│歩│  │歩┃七
┠─┼─┼─┼─┼─┼─┼─┼─┼─┨
┃  │角│  │  │  │  │  │  │  ┃八
┠─┼─┼─┼─┼─┼─┼─┼─┼─┨
┃香│桂│銀│金│王│金│銀│桂│香┃九
┗━┷━┷━┷━┷━┷━┷━┷━┷━┛
▽後手　持ち駒：
▲先手　持ち駒：角金銀歩
...(^▽^)ﾄﾞｳﾀﾞｯﾀｶﾅ～☆


（＾△＾）現局面まで進んだのかだぜ☆？
...(^▽^)さて、局面は☆？　：　棋譜パース　：　DebugText_Kyokumen7.C:\Users\むずでょ\Documents\GitHub\kifuwarabe-collection\Kifuwarabe_DenouT2\Sources\Entities\ApplicatedGame\Architecture\TreeDocument.cs.480
[15]データ目　葉＝[15]手目
　９　８　７　６　５　４　３　２　１
┏━┯━┯━┯━┯━┯━┯━┯━┯━┓
┃  │││  │  │  │と││┃一
┠─┼─┼─┼─┼─┼─┼─┼─┼─┨
┃│  │││  │竜│  │  │  ┃二
┠─┼─┼─┼─┼─┼─┼─┼─┼─┨
┃││││  │││  │┃三
┠─┼─┼─┼─┼─┼─┼─┼─┼─┨
┃  ││  │  ││  │  │  │  ┃四
┠─┼─┼─┼─┼─┼─┼─┼─┼─┨
┃  │  │  │  │  │  │  │  │  ┃五
┠─┼─┼─┼─┼─┼─┼─┼─┼─┨
┃  │  │  │  │  │  │  │  │  ┃六
┠─┼─┼─┼─┼─┼─┼─┼─┼─┨
┃歩│歩│歩│歩│歩│歩│歩│  │歩┃七
┠─┼─┼─┼─┼─┼─┼─┼─┼─┨
┃  │角│  │  │  │  │  │  │  ┃八
┠─┼─┼─┼─┼─┼─┼─┼─┼─┨
┃香│桂│銀│金│王│金│銀│桂│香┃九
┗━┷━┷━┷━┷━┷━┷━┷━┷━┛
▽後手　持ち駒：
▲先手　持ち駒：角金銀歩
...(^▽^)ﾄﾞｳﾀﾞｯﾀｶﾅ～☆


平手局面にセットしたぜ☆
...(^▽^)さて、局面は☆？　：　現局面になっているのかなんだぜ☆？　line=[position startpos moves 2g2f 4a4b 2f2e 9a9b 2e2d 5a6b 2d2c+ 8c8d 2c2b 8b8c 2b3a 5c5d 2h2b+ 6a7b 2b4b]　棋譜＝position startpos moves ▲２六歩△４二金▲２五歩△９二香▲２四歩△６二王▲２三歩成△８四歩▲２二と△８三飛▲３一と△５四歩▲２二飛成△７二金▲４二竜　：　DebugText_Kyokumen7.C:\Users\むずでょ\Documents\GitHub\kifuwarabe-collection\Kifuwarabe_DenouT2\Sources\Entities\ApplicatedGame\Architecture\TreeDocument.cs.480
[15]データ目　葉＝[15]手目
　９　８　７　６　５　４　３　２　１
┏━┯━┯━┯━┯━┯━┯━┯━┯━┓
┃  │││  │  │  │と││┃一
┠─┼─┼─┼─┼─┼─┼─┼─┼─┨
┃│  │││  │竜│  │  │  ┃二
┠─┼─┼─┼─┼─┼─┼─┼─┼─┨
┃││││  │││  │┃三
┠─┼─┼─┼─┼─┼─┼─┼─┼─┨
┃  ││  │  ││  │  │  │  ┃四
┠─┼─┼─┼─┼─┼─┼─┼─┼─┨
┃  │  │  │  │  │  │  │  │  ┃五
┠─┼─┼─┼─┼─┼─┼─┼─┼─┨
┃  │  │  │  │  │  │  │  │  ┃六
┠─┼─┼─┼─┼─┼─┼─┼─┼─┨
┃歩│歩│歩│歩│歩│歩│歩│  │歩┃七
┠─┼─┼─┼─┼─┼─┼─┼─┼─┨
┃  │角│  │  │  │  │  │  │  ┃八
┠─┼─┼─┼─┼─┼─┼─┼─┼─┨
┃香│桂│銀│金│王│金│銀│桂│香┃九
┗━┷━┷━┷━┷━┷━┷━┷━┷━┛
▽後手　持ち駒：
▲先手　持ち駒：角金銀歩
...(^▽^)ﾄﾞｳﾀﾞｯﾀｶﾅ～☆


将棋サーバー「15手目、きふわらべ　さんの手番ですよ！」　go btime 308000 wtime 307000 binc 2000 winc 2000
平手局面にセットしたぜ☆
(Warabe)指し手のチョイス： bestmove＝[7c7d]　先後=[Gote]　棋譜＝position startpos moves ▲２六歩△４二金▲２五歩△９二香▲２四歩△６二王▲２三歩成△８四歩▲２二と△８三飛▲３一と△５四歩▲２二飛成△７二金▲４二竜
KifuParserA_Impl.LOGGING_BY_ENGINE, ┏━確認━━━━setoptionDictionary ━┓
USI_Ponder=true
USI_Hash=256
子=true
USI=2
寅=tiger
辰=DRAGON
巳=スネーク.html
┗━━━━━━━━━━━━━━━━━━┛
┏━確認━━━━goDictionary━━━━━┓
btime=
wtime=
byoyomi=
┗━━━━━━━━━━━━━━━━━━┛
┏━確認━━━━goMateDictionary━━━┓
mate=
┗━━━━━━━━━━━━━━━━━━┛
┏━確認━━━━gameoverDictionary━━┓
gameover=l
┗━━━━━━━━━━━━━━━━━━┛
(^-^)ﾉｼ
